<html>
<head>
<title>TestNG:  Test</title>
<link href="../testng.css" rel="stylesheet" type="text/css" />
<link href="../my-testng.css" rel="stylesheet" type="text/css" />

<style type="text/css">
.log { display: none;} 
.stack-trace { display: none;} 
</style>
<script type="text/javascript">
<!--
function flip(e) {
  current = e.style.display;
  if (current == 'block') {
    e.style.display = 'none';
    return 0;
  }
  else {
    e.style.display = 'block';
    return 1;
  }
}

function toggleBox(szDivId, elem, msg1, msg2)
{
  var res = -1;  if (document.getElementById) {
    res = flip(document.getElementById(szDivId));
  }
  else if (document.all) {
    // this is the way old msie versions work
    res = flip(document.all[szDivId]);
  }
  if(elem) {
    if(res == 0) elem.innerHTML = msg1; else elem.innerHTML = msg2;
  }

}

function toggleAllBoxes() {
  if (document.getElementsByTagName) {
    d = document.getElementsByTagName('div');
    for (i = 0; i < d.length; i++) {
      if (d[i].className == 'log') {
        flip(d[i]);
      }
    }
  }
}

// -->
</script>

</head>
<body>
<h2 align='center'>Test</h2><table border='1' align="center">
<tr>
<td>Tests passed/Failed/Skipped:</td><td>105/6/0</td>
</tr><tr>
<td>Started on:</td><td>Mon Jun 23 11:48:47 IST 2025</td>
</tr>
<tr><td>Total time:</td><td>5380 seconds (5380209 ms)</td>
</tr><tr>
<td>Included groups:</td><td></td>
</tr><tr>
<td>Excluded groups:</td><td></td>
</tr>
</table><p/>
<small><i>(Hover the method name to see the test class name)</i></small><p/>
<table width='100%' border='1' class='invocation-failed'>
<tr><td colspan='4' align='center'><b>FAILED TESTS</b></td></tr>
<tr><td><b>Test method</b></td>
<td><b>Attribute(s)</b></td>
<td width="30%"><b>Exception</b></td>
<td width="10%"><b>Time (seconds)</b></td>
<td><b>Instance</b></td>
</tr>
<tr>
<td title='com.Capium.TestRunFiles.Capium_BK_FixedAssests_runfile.runScenario()'><b>runScenario</b><br>Test class: com.Capium.TestRunFiles.Capium_BK_FixedAssests_runfile<br>Test method: Runs Cucumber Scenarios<br>Parameters: "Verify depreciation functionality", "Bookkeeping Fixed Assets"</td>
<td><div><pre>org.openqa.selenium.NoSuchElementException: no such element: Unable to locate element: {&quot;method&quot;:&quot;xpath&quot;,&quot;selector&quot;:&quot;//input[@id=&apos;chkfixed&apos;]&quot;}
  (Session info: chrome=137.0.7151.104)
For documentation on this error, please visit: https://www.selenium.dev/documentation/webdriver/troubleshooting/errors#no-such-element-exception
Build info: version: &apos;4.23.0&apos;, revision: &apos;4df0a231af&apos;
System info: os.name: &apos;Windows 10&apos;, os.arch: &apos;amd64&apos;, os.version: &apos;10.0&apos;, java.version: &apos;17.0.12&apos;
Driver info: org.openqa.selenium.chrome.ChromeDriver
Command: [2ba1e627516350d9237d21cb43a0657d, findElement {value=//input[@id=&apos;chkfixed&apos;], using=xpath}]
Capabilities {acceptInsecureCerts: false, browserName: chrome, browserVersion: 137.0.7151.104, chrome: {chromedriverVersion: 137.0.7151.119 (e0ac9d12dff..., userDataDir: C:\Users\user\AppData\Local...}, fedcm:accounts: true, goog:chromeOptions: {debuggerAddress: localhost:53969}, networkConnectionEnabled: false, pageLoadStrategy: normal, platformName: windows, proxy: Proxy(), se:cdp: ws://localhost:53969/devtoo..., se:cdpVersion: 137.0.7151.104, setWindowRect: true, strictFileInteractability: false, timeouts: {implicit: 0, pageLoad: 300000, script: 30000}, unhandledPromptBehavior: dismiss and notify, webauthn:extension:credBlob: true, webauthn:extension:largeBlob: true, webauthn:extension:minPinLength: true, webauthn:extension:prf: true, webauthn:virtualAuthenticators: true}
Session ID: 2ba1e627516350d9237d21cb43a0657d
	at org.openqa.selenium.remote.ErrorCodec.decode(ErrorCodec.java:167)
	at org.openqa.selenium.remote.codec.w3c.W3CHttpResponseCodec.decode(W3CHttpResponseCodec.java:138)
	at org.openqa.selenium.remote.codec.w3c.W3CHttpResponseCodec.decode(W3CHttpResponseCodec.java:50)
	at org.openqa.selenium.remote.HttpCommandExecutor.execute(HttpCommandExecutor.java:190)
	at org.openqa.selenium.remote.service.DriverCommandExecutor.invokeExecute(DriverCommandExecutor.java:216)
	at org.openqa.selenium.remote.service.DriverCommandExecutor.execute(DriverCommandExecutor.java:174)
	at org.openqa.selenium.remote.RemoteWebDriver.execute(RemoteWebDriver.java:527)
	at org.openqa.selenium.remote.ElementLocation$ElementFinder$2.findElement(ElementLocation.java:165)
	at org.openqa.selenium.remote.ElementLocation.findElement(ElementLocation.java:59)
	at org.openqa.selenium.remote.RemoteWebDriver.findElement(RemoteWebDriver.java:357)
	at org.openqa.selenium.remote.RemoteWebDriver.findElement(RemoteWebDriver.java:351)
	at com.Capium.Utilies.HelperClass.ClickUsingJS(HelperClass.java:344)
	at com.Capium.Actions.Capium_Bookkeeping_FixedAssets_Actions.Clickondepreciationandverifydepreciate(Capium_Bookkeeping_FixedAssets_Actions.java:436)
	at com.Capium.stepDefinations.Capium_Bookkeeping_FixedAssests_Stepdef.click_on_depreciation_and_verify_depreciate(Capium_Bookkeeping_FixedAssests_Stepdef.java:185)
	at ✽.Click on depreciation and verify depreciate(file:///D:/Core%20Modules/Capium_BK_3.0/src/test/resources/Feature_CapiumPurchase/BK_FixedAssets.feature:104)
... Removed 4 stack frames</pre></div><a href='#' onClick='toggleBox("stack-trace2071618670", this, "Click to show all stack frames", "Click to hide stack frames")'>Click to show all stack frames</a>
<div class='stack-trace' id='stack-trace2071618670'><pre>org.openqa.selenium.NoSuchElementException: no such element: Unable to locate element: {&quot;method&quot;:&quot;xpath&quot;,&quot;selector&quot;:&quot;//input[@id=&apos;chkfixed&apos;]&quot;}
  (Session info: chrome=137.0.7151.104)
For documentation on this error, please visit: https://www.selenium.dev/documentation/webdriver/troubleshooting/errors#no-such-element-exception
Build info: version: &apos;4.23.0&apos;, revision: &apos;4df0a231af&apos;
System info: os.name: &apos;Windows 10&apos;, os.arch: &apos;amd64&apos;, os.version: &apos;10.0&apos;, java.version: &apos;17.0.12&apos;
Driver info: org.openqa.selenium.chrome.ChromeDriver
Command: [2ba1e627516350d9237d21cb43a0657d, findElement {value=//input[@id=&apos;chkfixed&apos;], using=xpath}]
Capabilities {acceptInsecureCerts: false, browserName: chrome, browserVersion: 137.0.7151.104, chrome: {chromedriverVersion: 137.0.7151.119 (e0ac9d12dff..., userDataDir: C:\Users\user\AppData\Local...}, fedcm:accounts: true, goog:chromeOptions: {debuggerAddress: localhost:53969}, networkConnectionEnabled: false, pageLoadStrategy: normal, platformName: windows, proxy: Proxy(), se:cdp: ws://localhost:53969/devtoo..., se:cdpVersion: 137.0.7151.104, setWindowRect: true, strictFileInteractability: false, timeouts: {implicit: 0, pageLoad: 300000, script: 30000}, unhandledPromptBehavior: dismiss and notify, webauthn:extension:credBlob: true, webauthn:extension:largeBlob: true, webauthn:extension:minPinLength: true, webauthn:extension:prf: true, webauthn:virtualAuthenticators: true}
Session ID: 2ba1e627516350d9237d21cb43a0657d
	at jdk.internal.reflect.GeneratedConstructorAccessor51.newInstance(Unknown Source)
	at java.base/jdk.internal.reflect.DelegatingConstructorAccessorImpl.newInstance(DelegatingConstructorAccessorImpl.java:45)
	at java.base/java.lang.reflect.Constructor.newInstanceWithCaller(Constructor.java:499)
	at java.base/java.lang.reflect.Constructor.newInstance(Constructor.java:480)
	at org.openqa.selenium.remote.ErrorCodec.decode(ErrorCodec.java:167)
	at org.openqa.selenium.remote.codec.w3c.W3CHttpResponseCodec.decode(W3CHttpResponseCodec.java:138)
	at org.openqa.selenium.remote.codec.w3c.W3CHttpResponseCodec.decode(W3CHttpResponseCodec.java:50)
	at org.openqa.selenium.remote.HttpCommandExecutor.execute(HttpCommandExecutor.java:190)
	at org.openqa.selenium.remote.service.DriverCommandExecutor.invokeExecute(DriverCommandExecutor.java:216)
	at org.openqa.selenium.remote.service.DriverCommandExecutor.execute(DriverCommandExecutor.java:174)
	at org.openqa.selenium.remote.RemoteWebDriver.execute(RemoteWebDriver.java:527)
	at org.openqa.selenium.remote.ElementLocation$ElementFinder$2.findElement(ElementLocation.java:165)
	at org.openqa.selenium.remote.ElementLocation.findElement(ElementLocation.java:59)
	at org.openqa.selenium.remote.RemoteWebDriver.findElement(RemoteWebDriver.java:357)
	at org.openqa.selenium.remote.RemoteWebDriver.findElement(RemoteWebDriver.java:351)
	at com.Capium.Utilies.HelperClass.ClickUsingJS(HelperClass.java:344)
	at com.Capium.Actions.Capium_Bookkeeping_FixedAssets_Actions.Clickondepreciationandverifydepreciate(Capium_Bookkeeping_FixedAssets_Actions.java:436)
	at com.Capium.stepDefinations.Capium_Bookkeeping_FixedAssests_Stepdef.click_on_depreciation_and_verify_depreciate(Capium_Bookkeeping_FixedAssests_Stepdef.java:185)
	at ✽.Click on depreciation and verify depreciate(file:///D:/Core%20Modules/Capium_BK_3.0/src/test/resources/Feature_CapiumPurchase/BK_FixedAssets.feature:104)
</pre></div></td>
<td>48</td>
<td>com.Capium.TestRunFiles.Capium_BK_FixedAssests_runfile@5c90e579</td></tr>
<tr>
<td title='com.Capium.TestRunFiles.Capium_BK_Tasks_runfile.runScenario()'><b>runScenario</b><br>Test class: com.Capium.TestRunFiles.Capium_BK_Tasks_runfile<br>Test method: Runs Cucumber Scenarios<br>Parameters: "Task Budgeting Delete Action", "BookkeepingModule-Task"</td>
<td><div><pre>org.openqa.selenium.NoSuchElementException: no such element: Unable to locate element: {&quot;method&quot;:&quot;xpath&quot;,&quot;selector&quot;:&quot;//input[@id=&apos;txtusername&apos;]&quot;}
  (Session info: chrome=137.0.7151.104)
For documentation on this error, please visit: https://www.selenium.dev/documentation/webdriver/troubleshooting/errors#no-such-element-exception
Build info: version: &apos;4.23.0&apos;, revision: &apos;4df0a231af&apos;
System info: os.name: &apos;Windows 10&apos;, os.arch: &apos;amd64&apos;, os.version: &apos;10.0&apos;, java.version: &apos;17.0.12&apos;
Driver info: org.openqa.selenium.chrome.ChromeDriver
Command: [21f41c6785b4fcf92f30d6ccaab06442, findElement {value=//input[@id=&apos;txtusername&apos;], using=xpath}]
Capabilities {acceptInsecureCerts: false, browserName: chrome, browserVersion: 137.0.7151.104, chrome: {chromedriverVersion: 137.0.7151.119 (e0ac9d12dff..., userDataDir: C:\Users\user\AppData\Local...}, fedcm:accounts: true, goog:chromeOptions: {debuggerAddress: localhost:53574}, networkConnectionEnabled: false, pageLoadStrategy: normal, platformName: windows, proxy: Proxy(), se:cdp: ws://localhost:53574/devtoo..., se:cdpVersion: 137.0.7151.104, setWindowRect: true, strictFileInteractability: false, timeouts: {implicit: 0, pageLoad: 300000, script: 30000}, unhandledPromptBehavior: dismiss and notify, webauthn:extension:credBlob: true, webauthn:extension:largeBlob: true, webauthn:extension:minPinLength: true, webauthn:extension:prf: true, webauthn:virtualAuthenticators: true}
Session ID: 21f41c6785b4fcf92f30d6ccaab06442
	at org.openqa.selenium.remote.ErrorCodec.decode(ErrorCodec.java:167)
	at org.openqa.selenium.remote.codec.w3c.W3CHttpResponseCodec.decode(W3CHttpResponseCodec.java:138)
	at org.openqa.selenium.remote.codec.w3c.W3CHttpResponseCodec.decode(W3CHttpResponseCodec.java:50)
	at org.openqa.selenium.remote.HttpCommandExecutor.execute(HttpCommandExecutor.java:190)
	at org.openqa.selenium.remote.service.DriverCommandExecutor.invokeExecute(DriverCommandExecutor.java:216)
	at org.openqa.selenium.remote.service.DriverCommandExecutor.execute(DriverCommandExecutor.java:174)
	at org.openqa.selenium.remote.RemoteWebDriver.execute(RemoteWebDriver.java:527)
	at org.openqa.selenium.remote.ElementLocation$ElementFinder$2.findElement(ElementLocation.java:165)
	at org.openqa.selenium.remote.ElementLocation.findElement(ElementLocation.java:59)
	at org.openqa.selenium.remote.RemoteWebDriver.findElement(RemoteWebDriver.java:357)
	at org.openqa.selenium.remote.RemoteWebDriver.findElement(RemoteWebDriver.java:351)
	at org.openqa.selenium.support.pagefactory.DefaultElementLocator.findElement(DefaultElementLocator.java:68)
	at org.openqa.selenium.support.pagefactory.internal.LocatingElementHandler.invoke(LocatingElementHandler.java:38)
	at jdk.proxy2/jdk.proxy2.$Proxy44.clear(Unknown Source)
	at com.Capium.Actions.Capium_Login_Actions.EnterUsername(Capium_Login_Actions.java:18)
	at com.Capium.stepDefinations.CapiumLoginDef_file.user_enter_username_and_password(CapiumLoginDef_file.java:88)
	at ✽.User Enter username and Password(file:///D:/Core%20Modules/Capium_BK_3.0/src/test/resources/Feature_CapiumPurchase/BK_Tasks.feature:6)
... Removed 4 stack frames</pre></div><a href='#' onClick='toggleBox("stack-trace112081643", this, "Click to show all stack frames", "Click to hide stack frames")'>Click to show all stack frames</a>
<div class='stack-trace' id='stack-trace112081643'><pre>org.openqa.selenium.NoSuchElementException: no such element: Unable to locate element: {&quot;method&quot;:&quot;xpath&quot;,&quot;selector&quot;:&quot;//input[@id=&apos;txtusername&apos;]&quot;}
  (Session info: chrome=137.0.7151.104)
For documentation on this error, please visit: https://www.selenium.dev/documentation/webdriver/troubleshooting/errors#no-such-element-exception
Build info: version: &apos;4.23.0&apos;, revision: &apos;4df0a231af&apos;
System info: os.name: &apos;Windows 10&apos;, os.arch: &apos;amd64&apos;, os.version: &apos;10.0&apos;, java.version: &apos;17.0.12&apos;
Driver info: org.openqa.selenium.chrome.ChromeDriver
Command: [21f41c6785b4fcf92f30d6ccaab06442, findElement {value=//input[@id=&apos;txtusername&apos;], using=xpath}]
Capabilities {acceptInsecureCerts: false, browserName: chrome, browserVersion: 137.0.7151.104, chrome: {chromedriverVersion: 137.0.7151.119 (e0ac9d12dff..., userDataDir: C:\Users\user\AppData\Local...}, fedcm:accounts: true, goog:chromeOptions: {debuggerAddress: localhost:53574}, networkConnectionEnabled: false, pageLoadStrategy: normal, platformName: windows, proxy: Proxy(), se:cdp: ws://localhost:53574/devtoo..., se:cdpVersion: 137.0.7151.104, setWindowRect: true, strictFileInteractability: false, timeouts: {implicit: 0, pageLoad: 300000, script: 30000}, unhandledPromptBehavior: dismiss and notify, webauthn:extension:credBlob: true, webauthn:extension:largeBlob: true, webauthn:extension:minPinLength: true, webauthn:extension:prf: true, webauthn:virtualAuthenticators: true}
Session ID: 21f41c6785b4fcf92f30d6ccaab06442
	at jdk.internal.reflect.GeneratedConstructorAccessor51.newInstance(Unknown Source)
	at java.base/jdk.internal.reflect.DelegatingConstructorAccessorImpl.newInstance(DelegatingConstructorAccessorImpl.java:45)
	at java.base/java.lang.reflect.Constructor.newInstanceWithCaller(Constructor.java:499)
	at java.base/java.lang.reflect.Constructor.newInstance(Constructor.java:480)
	at org.openqa.selenium.remote.ErrorCodec.decode(ErrorCodec.java:167)
	at org.openqa.selenium.remote.codec.w3c.W3CHttpResponseCodec.decode(W3CHttpResponseCodec.java:138)
	at org.openqa.selenium.remote.codec.w3c.W3CHttpResponseCodec.decode(W3CHttpResponseCodec.java:50)
	at org.openqa.selenium.remote.HttpCommandExecutor.execute(HttpCommandExecutor.java:190)
	at org.openqa.selenium.remote.service.DriverCommandExecutor.invokeExecute(DriverCommandExecutor.java:216)
	at org.openqa.selenium.remote.service.DriverCommandExecutor.execute(DriverCommandExecutor.java:174)
	at org.openqa.selenium.remote.RemoteWebDriver.execute(RemoteWebDriver.java:527)
	at org.openqa.selenium.remote.ElementLocation$ElementFinder$2.findElement(ElementLocation.java:165)
	at org.openqa.selenium.remote.ElementLocation.findElement(ElementLocation.java:59)
	at org.openqa.selenium.remote.RemoteWebDriver.findElement(RemoteWebDriver.java:357)
	at org.openqa.selenium.remote.RemoteWebDriver.findElement(RemoteWebDriver.java:351)
	at org.openqa.selenium.support.pagefactory.DefaultElementLocator.findElement(DefaultElementLocator.java:68)
	at org.openqa.selenium.support.pagefactory.internal.LocatingElementHandler.invoke(LocatingElementHandler.java:38)
	at jdk.proxy2/jdk.proxy2.$Proxy44.clear(Unknown Source)
	at com.Capium.Actions.Capium_Login_Actions.EnterUsername(Capium_Login_Actions.java:18)
	at com.Capium.stepDefinations.CapiumLoginDef_file.user_enter_username_and_password(CapiumLoginDef_file.java:88)
	at ✽.User Enter username and Password(file:///D:/Core%20Modules/Capium_BK_3.0/src/test/resources/Feature_CapiumPurchase/BK_Tasks.feature:6)
</pre></div></td>
<td>38</td>
<td>com.Capium.TestRunFiles.Capium_BK_Tasks_runfile@37883b97</td></tr>
<tr>
<td title='com.Capium.TestRunFiles.Capium_BK_CIS_runfile.runScenario()'><b>runScenario</b><br>Test class: com.Capium.TestRunFiles.Capium_BK_CIS_runfile<br>Test method: Runs Cucumber Scenarios<br>Parameters: "Verify Add Payment in select action drop down using cash in hand or bank", "Bookkeeping CIS"</td>
<td><div><pre>org.openqa.selenium.StaleElementReferenceException: stale element reference: stale element not found in the current frame
  (Session info: chrome=137.0.7151.104)
For documentation on this error, please visit: https://www.selenium.dev/documentation/webdriver/troubleshooting/errors#stale-element-reference-exception
Build info: version: &apos;4.23.0&apos;, revision: &apos;4df0a231af&apos;
System info: os.name: &apos;Windows 10&apos;, os.arch: &apos;amd64&apos;, os.version: &apos;10.0&apos;, java.version: &apos;17.0.12&apos;
Driver info: org.openqa.selenium.chrome.ChromeDriver
Command: [9e348b4c655d194ec96baf817edc99b1, executeScript {args=[{element-6066-11e4-a52e-4f735466cecf=f.CF8F3DA2CBEC266502DBAEA7B7382E9B.d.9B4119D2788E100FF377BB6D387FEE28.e.1616}], script=arguments[0].value=&apos;01/05/2025&apos;;}]
Capabilities {acceptInsecureCerts: false, browserName: chrome, browserVersion: 137.0.7151.104, chrome: {chromedriverVersion: 137.0.7151.119 (e0ac9d12dff..., userDataDir: C:\Users\user\AppData\Local...}, fedcm:accounts: true, goog:chromeOptions: {debuggerAddress: localhost:53684}, networkConnectionEnabled: false, pageLoadStrategy: normal, platformName: windows, proxy: Proxy(), se:cdp: ws://localhost:53684/devtoo..., se:cdpVersion: 137.0.7151.104, setWindowRect: true, strictFileInteractability: false, timeouts: {implicit: 0, pageLoad: 300000, script: 30000}, unhandledPromptBehavior: dismiss and notify, webauthn:extension:credBlob: true, webauthn:extension:largeBlob: true, webauthn:extension:minPinLength: true, webauthn:extension:prf: true, webauthn:virtualAuthenticators: true}
Session ID: 9e348b4c655d194ec96baf817edc99b1
	at org.openqa.selenium.remote.ErrorCodec.decode(ErrorCodec.java:167)
	at org.openqa.selenium.remote.codec.w3c.W3CHttpResponseCodec.decode(W3CHttpResponseCodec.java:138)
	at org.openqa.selenium.remote.codec.w3c.W3CHttpResponseCodec.decode(W3CHttpResponseCodec.java:50)
	at org.openqa.selenium.remote.HttpCommandExecutor.execute(HttpCommandExecutor.java:190)
	at org.openqa.selenium.remote.service.DriverCommandExecutor.invokeExecute(DriverCommandExecutor.java:216)
	at org.openqa.selenium.remote.service.DriverCommandExecutor.execute(DriverCommandExecutor.java:174)
	at org.openqa.selenium.remote.RemoteWebDriver.execute(RemoteWebDriver.java:527)
	at org.openqa.selenium.remote.RemoteWebDriver.executeScript(RemoteWebDriver.java:465)
	at com.Capium.Utilies.HelperClass.setValueUsingJS(HelperClass.java:153)
	at com.Capium.Actions.Capium_Bookkeeping_CIS_Actions.EditPaymentCISAndSave(Capium_Bookkeeping_CIS_Actions.java:307)
	at com.Capium.stepDefinations.Capium_Bookkeeping_CIS_stepdef.select_account_type_as_cis_control_account_and_enter_total_balance_amount_and_all_manditory_fields_and_click_on_save(Capium_Bookkeeping_CIS_stepdef.java:110)
	at ✽.Select Account type as CIS Control account and Enter total balance amount and all manditory fields and click on Save(file:///D:/Core%20Modules/Capium_BK_3.0/src/test/resources/Feature_CapiumPurchase/BK_CIS.feature:46)
... Removed 5 stack frames</pre></div><a href='#' onClick='toggleBox("stack-trace48185236", this, "Click to show all stack frames", "Click to hide stack frames")'>Click to show all stack frames</a>
<div class='stack-trace' id='stack-trace48185236'><pre>org.openqa.selenium.StaleElementReferenceException: stale element reference: stale element not found in the current frame
  (Session info: chrome=137.0.7151.104)
For documentation on this error, please visit: https://www.selenium.dev/documentation/webdriver/troubleshooting/errors#stale-element-reference-exception
Build info: version: &apos;4.23.0&apos;, revision: &apos;4df0a231af&apos;
System info: os.name: &apos;Windows 10&apos;, os.arch: &apos;amd64&apos;, os.version: &apos;10.0&apos;, java.version: &apos;17.0.12&apos;
Driver info: org.openqa.selenium.chrome.ChromeDriver
Command: [9e348b4c655d194ec96baf817edc99b1, executeScript {args=[{element-6066-11e4-a52e-4f735466cecf=f.CF8F3DA2CBEC266502DBAEA7B7382E9B.d.9B4119D2788E100FF377BB6D387FEE28.e.1616}], script=arguments[0].value=&apos;01/05/2025&apos;;}]
Capabilities {acceptInsecureCerts: false, browserName: chrome, browserVersion: 137.0.7151.104, chrome: {chromedriverVersion: 137.0.7151.119 (e0ac9d12dff..., userDataDir: C:\Users\user\AppData\Local...}, fedcm:accounts: true, goog:chromeOptions: {debuggerAddress: localhost:53684}, networkConnectionEnabled: false, pageLoadStrategy: normal, platformName: windows, proxy: Proxy(), se:cdp: ws://localhost:53684/devtoo..., se:cdpVersion: 137.0.7151.104, setWindowRect: true, strictFileInteractability: false, timeouts: {implicit: 0, pageLoad: 300000, script: 30000}, unhandledPromptBehavior: dismiss and notify, webauthn:extension:credBlob: true, webauthn:extension:largeBlob: true, webauthn:extension:minPinLength: true, webauthn:extension:prf: true, webauthn:virtualAuthenticators: true}
Session ID: 9e348b4c655d194ec96baf817edc99b1
	at java.base/jdk.internal.reflect.NativeConstructorAccessorImpl.newInstance0(Native Method)
	at java.base/jdk.internal.reflect.NativeConstructorAccessorImpl.newInstance(NativeConstructorAccessorImpl.java:77)
	at java.base/jdk.internal.reflect.DelegatingConstructorAccessorImpl.newInstance(DelegatingConstructorAccessorImpl.java:45)
	at java.base/java.lang.reflect.Constructor.newInstanceWithCaller(Constructor.java:499)
	at java.base/java.lang.reflect.Constructor.newInstance(Constructor.java:480)
	at org.openqa.selenium.remote.ErrorCodec.decode(ErrorCodec.java:167)
	at org.openqa.selenium.remote.codec.w3c.W3CHttpResponseCodec.decode(W3CHttpResponseCodec.java:138)
	at org.openqa.selenium.remote.codec.w3c.W3CHttpResponseCodec.decode(W3CHttpResponseCodec.java:50)
	at org.openqa.selenium.remote.HttpCommandExecutor.execute(HttpCommandExecutor.java:190)
	at org.openqa.selenium.remote.service.DriverCommandExecutor.invokeExecute(DriverCommandExecutor.java:216)
	at org.openqa.selenium.remote.service.DriverCommandExecutor.execute(DriverCommandExecutor.java:174)
	at org.openqa.selenium.remote.RemoteWebDriver.execute(RemoteWebDriver.java:527)
	at org.openqa.selenium.remote.RemoteWebDriver.executeScript(RemoteWebDriver.java:465)
	at com.Capium.Utilies.HelperClass.setValueUsingJS(HelperClass.java:153)
	at com.Capium.Actions.Capium_Bookkeeping_CIS_Actions.EditPaymentCISAndSave(Capium_Bookkeeping_CIS_Actions.java:307)
	at com.Capium.stepDefinations.Capium_Bookkeeping_CIS_stepdef.select_account_type_as_cis_control_account_and_enter_total_balance_amount_and_all_manditory_fields_and_click_on_save(Capium_Bookkeeping_CIS_stepdef.java:110)
	at ✽.Select Account type as CIS Control account and Enter total balance amount and all manditory fields and click on Save(file:///D:/Core%20Modules/Capium_BK_3.0/src/test/resources/Feature_CapiumPurchase/BK_CIS.feature:46)
</pre></div></td>
<td>39</td>
<td>com.Capium.TestRunFiles.Capium_BK_CIS_runfile@6ab778a</td></tr>
<tr>
<td title='com.Capium.TestRunFiles.Capium_BK_purchase_runfile.runScenario()'><b>runScenario</b><br>Test class: com.Capium.TestRunFiles.Capium_BK_purchase_runfile<br>Test method: Runs Cucumber Scenarios<br>Parameters: "Purchase Import", "Bookkeeping Purchases"</td>
<td><div><pre>org.openqa.selenium.TimeoutException: Expected condition failed: waiting for element to be clickable: Proxy element for: DefaultElementLocator &apos;By.xpath: //button[text()=&apos;Ã—&apos;]&apos; (tried for 10 second(s) with 500 milliseconds interval)
	at org.openqa.selenium.support.ui.WebDriverWait.timeoutException(WebDriverWait.java:84)
	at org.openqa.selenium.support.ui.FluentWait.until(FluentWait.java:228)
	at com.Capium.Actions.Capium_Bookkeeping_Purchase_Actions.SelectPurchase(Capium_Bookkeeping_Purchase_Actions.java:256)
	at com.Capium.stepDefinations.Capium_Bookkeeping_Purchase_stepdef.open_created_puchase_and_verify(Capium_Bookkeeping_Purchase_stepdef.java:329)
	at ✽.Open created puchase and verify(file:///D:/Core%20Modules/Capium_BK_3.0/src/test/resources/Feature_CapiumPurchase/BK_Purchase.feature:148)
Caused by: org.openqa.selenium.NoSuchElementException: no such element: Unable to locate element: {&quot;method&quot;:&quot;xpath&quot;,&quot;selector&quot;:&quot;//button[text()=&apos;Ã—&apos;]&quot;}
  (Session info: chrome=137.0.7151.104)
For documentation on this error, please visit: https://www.selenium.dev/documentation/webdriver/troubleshooting/errors#no-such-element-exception
Build info: version: &apos;4.23.0&apos;, revision: &apos;4df0a231af&apos;
System info: os.name: &apos;Windows 10&apos;, os.arch: &apos;amd64&apos;, os.version: &apos;10.0&apos;, java.version: &apos;17.0.12&apos;
Driver info: org.openqa.selenium.chrome.ChromeDriver
Command: [e75bafb7ef182ac404f596c1ca2ce005, findElement {value=//button[text()=&apos;Ã—&apos;], using=xpath}]
Capabilities {acceptInsecureCerts: false, browserName: chrome, browserVersion: 137.0.7151.104, chrome: {chromedriverVersion: 137.0.7151.119 (e0ac9d12dff..., userDataDir: C:\Users\user\AppData\Local...}, fedcm:accounts: true, goog:chromeOptions: {debuggerAddress: localhost:53382}, networkConnectionEnabled: false, pageLoadStrategy: normal, platformName: windows, proxy: Proxy(), se:cdp: ws://localhost:53382/devtoo..., se:cdpVersion: 137.0.7151.104, setWindowRect: true, strictFileInteractability: false, timeouts: {implicit: 0, pageLoad: 300000, script: 30000}, unhandledPromptBehavior: dismiss and notify, webauthn:extension:credBlob: true, webauthn:extension:largeBlob: true, webauthn:extension:minPinLength: true, webauthn:extension:prf: true, webauthn:virtualAuthenticators: true}
Session ID: e75bafb7ef182ac404f596c1ca2ce005
	at org.openqa.selenium.remote.ErrorCodec.decode(ErrorCodec.java:167)
	at org.openqa.selenium.remote.codec.w3c.W3CHttpResponseCodec.decode(W3CHttpResponseCodec.java:138)
	at org.openqa.selenium.remote.codec.w3c.W3CHttpResponseCodec.decode(W3CHttpResponseCodec.java:50)
	at org.openqa.selenium.remote.HttpCommandExecutor.execute(HttpCommandExecutor.java:190)
	at org.openqa.selenium.remote.service.DriverCommandExecutor.invokeExecute(DriverCommandExecutor.java:216)
	at org.openqa.selenium.remote.service.DriverCommandExecutor.execute(DriverCommandExecutor.java:174)
	at org.openqa.selenium.remote.RemoteWebDriver.execute(RemoteWebDriver.java:527)
	at org.openqa.selenium.remote.ElementLocation$ElementFinder$2.findElement(ElementLocation.java:165)
	at org.openqa.selenium.remote.ElementLocation.findElement(ElementLocation.java:59)
	at org.openqa.selenium.remote.RemoteWebDriver.findElement(RemoteWebDriver.java:357)
	at org.openqa.selenium.remote.RemoteWebDriver.findElement(RemoteWebDriver.java:351)
	at org.openqa.selenium.support.pagefactory.DefaultElementLocator.findElement(DefaultElementLocator.java:68)
	at org.openqa.selenium.support.pagefactory.internal.LocatingElementHandler.invoke(LocatingElementHandler.java:38)
	at jdk.proxy2/jdk.proxy2.$Proxy44.isDisplayed(Unknown Source)
	at org.openqa.selenium.support.ui.ExpectedConditions.elementIfVisible(ExpectedConditions.java:304)
	at org.openqa.selenium.support.ui.ExpectedConditions$10.apply(ExpectedConditions.java:290)
	at org.openqa.selenium.support.ui.ExpectedConditions$10.apply(ExpectedConditions.java:287)
	at org.openqa.selenium.support.ui.ExpectedConditions$23.apply(ExpectedConditions.java:656)
	at org.openqa.selenium.support.ui.ExpectedConditions$23.apply(ExpectedConditions.java:652)
	at org.openqa.selenium.support.ui.FluentWait.until(FluentWait.java:203)
	at com.Capium.Actions.Capium_Bookkeeping_Purchase_Actions.SelectPurchase(Capium_Bookkeeping_Purchase_Actions.java:256)
	at com.Capium.stepDefinations.Capium_Bookkeeping_Purchase_stepdef.open_created_puchase_and_verify(Capium_Bookkeeping_Purchase_stepdef.java:329)
	at io.cucumber.java.Invoker.doInvoke(Invoker.java:66)
	at io.cucumber.java.Invoker.invoke(Invoker.java:24)
	at io.cucumber.java.AbstractGlueDefinition.invokeMethod(AbstractGlueDefinition.java:47)
	at io.cucumber.java.JavaStepDefinition.execute(JavaStepDefinition.java:29)
	at io.cucumber.core.runner.CoreStepDefinition.execute(CoreStepDefinition.java:66)
	at io.cucumber.core.runner.PickleStepDefinitionMatch.runStep(PickleStepDefinitionMatch.java:63)
	at io.cucumber.core.runner.ExecutionMode$1.execute(ExecutionMode.java:10)
	at io.cucumber.core.runner.TestStep.executeStep(TestStep.java:81)
	at io.cucumber.core.runner.TestStep.run(TestStep.java:53)
	at io.cucumber.core.runner.PickleStepTestStep.run(PickleStepTestStep.java:51)
	at io.cucumber.core.runner.TestCase.run(TestCase.java:84)
	at io.cucumber.core.runner.Runner.runPickle(Runner.java:75)
	at io.cucumber.testng.TestNGCucumberRunner.lambda$runScenario$1(TestNGCucumberRunner.java:132)
	at io.cucumber.core.runtime.CucumberExecutionContext.lambda$runTestCase$5(CucumberExecutionContext.java:136)
	at io.cucumber.core.runtime.RethrowingThrowableCollector.executeAndThrow(RethrowingThrowableCollector.java:23)
	at io.cucumber.core.runtime.CucumberExecutionContext.runTestCase(CucumberExecutionContext.java:136)
	at io.cucumber.testng.TestNGCucumberRunner.runScenario(TestNGCucumberRunner.java:129)
	at io.cucumber.testng.AbstractTestNGCucumberTests.runScenario(AbstractTestNGCucumberTests.java:35)
	at java.base/java.util.ArrayList.forEach(ArrayList.java:1511)
... Removed 34 stack frames</pre></div><a href='#' onClick='toggleBox("stack-trace1243716589", this, "Click to show all stack frames", "Click to hide stack frames")'>Click to show all stack frames</a>
<div class='stack-trace' id='stack-trace1243716589'><pre>org.openqa.selenium.TimeoutException: Expected condition failed: waiting for element to be clickable: Proxy element for: DefaultElementLocator &apos;By.xpath: //button[text()=&apos;Ã—&apos;]&apos; (tried for 10 second(s) with 500 milliseconds interval)
	at org.openqa.selenium.support.ui.WebDriverWait.timeoutException(WebDriverWait.java:84)
	at org.openqa.selenium.support.ui.FluentWait.until(FluentWait.java:228)
	at com.Capium.Actions.Capium_Bookkeeping_Purchase_Actions.SelectPurchase(Capium_Bookkeeping_Purchase_Actions.java:256)
	at com.Capium.stepDefinations.Capium_Bookkeeping_Purchase_stepdef.open_created_puchase_and_verify(Capium_Bookkeeping_Purchase_stepdef.java:329)
	at ✽.Open created puchase and verify(file:///D:/Core%20Modules/Capium_BK_3.0/src/test/resources/Feature_CapiumPurchase/BK_Purchase.feature:148)
Caused by: org.openqa.selenium.NoSuchElementException: no such element: Unable to locate element: {&quot;method&quot;:&quot;xpath&quot;,&quot;selector&quot;:&quot;//button[text()=&apos;Ã—&apos;]&quot;}
  (Session info: chrome=137.0.7151.104)
For documentation on this error, please visit: https://www.selenium.dev/documentation/webdriver/troubleshooting/errors#no-such-element-exception
Build info: version: &apos;4.23.0&apos;, revision: &apos;4df0a231af&apos;
System info: os.name: &apos;Windows 10&apos;, os.arch: &apos;amd64&apos;, os.version: &apos;10.0&apos;, java.version: &apos;17.0.12&apos;
Driver info: org.openqa.selenium.chrome.ChromeDriver
Command: [e75bafb7ef182ac404f596c1ca2ce005, findElement {value=//button[text()=&apos;Ã—&apos;], using=xpath}]
Capabilities {acceptInsecureCerts: false, browserName: chrome, browserVersion: 137.0.7151.104, chrome: {chromedriverVersion: 137.0.7151.119 (e0ac9d12dff..., userDataDir: C:\Users\user\AppData\Local...}, fedcm:accounts: true, goog:chromeOptions: {debuggerAddress: localhost:53382}, networkConnectionEnabled: false, pageLoadStrategy: normal, platformName: windows, proxy: Proxy(), se:cdp: ws://localhost:53382/devtoo..., se:cdpVersion: 137.0.7151.104, setWindowRect: true, strictFileInteractability: false, timeouts: {implicit: 0, pageLoad: 300000, script: 30000}, unhandledPromptBehavior: dismiss and notify, webauthn:extension:credBlob: true, webauthn:extension:largeBlob: true, webauthn:extension:minPinLength: true, webauthn:extension:prf: true, webauthn:virtualAuthenticators: true}
Session ID: e75bafb7ef182ac404f596c1ca2ce005
	at jdk.internal.reflect.GeneratedConstructorAccessor51.newInstance(Unknown Source)
	at java.base/jdk.internal.reflect.DelegatingConstructorAccessorImpl.newInstance(DelegatingConstructorAccessorImpl.java:45)
	at java.base/java.lang.reflect.Constructor.newInstanceWithCaller(Constructor.java:499)
	at java.base/java.lang.reflect.Constructor.newInstance(Constructor.java:480)
	at org.openqa.selenium.remote.ErrorCodec.decode(ErrorCodec.java:167)
	at org.openqa.selenium.remote.codec.w3c.W3CHttpResponseCodec.decode(W3CHttpResponseCodec.java:138)
	at org.openqa.selenium.remote.codec.w3c.W3CHttpResponseCodec.decode(W3CHttpResponseCodec.java:50)
	at org.openqa.selenium.remote.HttpCommandExecutor.execute(HttpCommandExecutor.java:190)
	at org.openqa.selenium.remote.service.DriverCommandExecutor.invokeExecute(DriverCommandExecutor.java:216)
	at org.openqa.selenium.remote.service.DriverCommandExecutor.execute(DriverCommandExecutor.java:174)
	at org.openqa.selenium.remote.RemoteWebDriver.execute(RemoteWebDriver.java:527)
	at org.openqa.selenium.remote.ElementLocation$ElementFinder$2.findElement(ElementLocation.java:165)
	at org.openqa.selenium.remote.ElementLocation.findElement(ElementLocation.java:59)
	at org.openqa.selenium.remote.RemoteWebDriver.findElement(RemoteWebDriver.java:357)
	at org.openqa.selenium.remote.RemoteWebDriver.findElement(RemoteWebDriver.java:351)
	at org.openqa.selenium.support.pagefactory.DefaultElementLocator.findElement(DefaultElementLocator.java:68)
	at org.openqa.selenium.support.pagefactory.internal.LocatingElementHandler.invoke(LocatingElementHandler.java:38)
	at jdk.proxy2/jdk.proxy2.$Proxy44.isDisplayed(Unknown Source)
	at org.openqa.selenium.support.ui.ExpectedConditions.elementIfVisible(ExpectedConditions.java:304)
	at org.openqa.selenium.support.ui.ExpectedConditions$10.apply(ExpectedConditions.java:290)
	at org.openqa.selenium.support.ui.ExpectedConditions$10.apply(ExpectedConditions.java:287)
	at org.openqa.selenium.support.ui.ExpectedConditions$23.apply(ExpectedConditions.java:656)
	at org.openqa.selenium.support.ui.ExpectedConditions$23.apply(ExpectedConditions.java:652)
	at org.openqa.selenium.support.ui.FluentWait.until(FluentWait.java:203)
	at com.Capium.Actions.Capium_Bookkeeping_Purchase_Actions.SelectPurchase(Capium_Bookkeeping_Purchase_Actions.java:256)
	at com.Capium.stepDefinations.Capium_Bookkeeping_Purchase_stepdef.open_created_puchase_and_verify(Capium_Bookkeeping_Purchase_stepdef.java:329)
	at java.base/jdk.internal.reflect.NativeMethodAccessorImpl.invoke0(Native Method)
	at java.base/jdk.internal.reflect.NativeMethodAccessorImpl.invoke(NativeMethodAccessorImpl.java:77)
	at java.base/jdk.internal.reflect.DelegatingMethodAccessorImpl.invoke(DelegatingMethodAccessorImpl.java:43)
	at java.base/java.lang.reflect.Method.invoke(Method.java:568)
	at io.cucumber.java.Invoker.doInvoke(Invoker.java:66)
	at io.cucumber.java.Invoker.invoke(Invoker.java:24)
	at io.cucumber.java.AbstractGlueDefinition.invokeMethod(AbstractGlueDefinition.java:47)
	at io.cucumber.java.JavaStepDefinition.execute(JavaStepDefinition.java:29)
	at io.cucumber.core.runner.CoreStepDefinition.execute(CoreStepDefinition.java:66)
	at io.cucumber.core.runner.PickleStepDefinitionMatch.runStep(PickleStepDefinitionMatch.java:63)
	at io.cucumber.core.runner.ExecutionMode$1.execute(ExecutionMode.java:10)
	at io.cucumber.core.runner.TestStep.executeStep(TestStep.java:81)
	at io.cucumber.core.runner.TestStep.run(TestStep.java:53)
	at io.cucumber.core.runner.PickleStepTestStep.run(PickleStepTestStep.java:51)
	at io.cucumber.core.runner.TestCase.run(TestCase.java:84)
	at io.cucumber.core.runner.Runner.runPickle(Runner.java:75)
	at io.cucumber.testng.TestNGCucumberRunner.lambda$runScenario$1(TestNGCucumberRunner.java:132)
	at io.cucumber.core.runtime.CucumberExecutionContext.lambda$runTestCase$5(CucumberExecutionContext.java:136)
	at io.cucumber.core.runtime.RethrowingThrowableCollector.executeAndThrow(RethrowingThrowableCollector.java:23)
	at io.cucumber.core.runtime.CucumberExecutionContext.runTestCase(CucumberExecutionContext.java:136)
	at io.cucumber.testng.TestNGCucumberRunner.runScenario(TestNGCucumberRunner.java:129)
	at io.cucumber.testng.AbstractTestNGCucumberTests.runScenario(AbstractTestNGCucumberTests.java:35)
	at jdk.internal.reflect.GeneratedMethodAccessor177.invoke(Unknown Source)
	at java.base/jdk.internal.reflect.DelegatingMethodAccessorImpl.invoke(DelegatingMethodAccessorImpl.java:43)
	at java.base/java.lang.reflect.Method.invoke(Method.java:568)
	at org.testng.internal.invokers.MethodInvocationHelper.invokeMethod(MethodInvocationHelper.java:141)
	at org.testng.internal.invokers.TestInvoker.invokeMethod(TestInvoker.java:686)
	at org.testng.internal.invokers.TestInvoker.invokeTestMethod(TestInvoker.java:230)
	at org.testng.internal.invokers.MethodRunner.runInSequence(MethodRunner.java:63)
	at org.testng.internal.invokers.TestInvoker$MethodInvocationAgent.invoke(TestInvoker.java:992)
	at org.testng.internal.invokers.TestInvoker.invokeTestMethods(TestInvoker.java:203)
	at org.testng.internal.invokers.TestMethodWorker.invokeTestMethods(TestMethodWorker.java:154)
	at org.testng.internal.invokers.TestMethodWorker.run(TestMethodWorker.java:134)
	at java.base/java.util.ArrayList.forEach(ArrayList.java:1511)
	at org.testng.TestRunner.privateRun(TestRunner.java:739)
	at org.testng.TestRunner.run(TestRunner.java:614)
	at org.testng.SuiteRunner.runTest(SuiteRunner.java:421)
	at org.testng.SuiteRunner.runSequentially(SuiteRunner.java:413)
	at org.testng.SuiteRunner.privateRun(SuiteRunner.java:373)
	at org.testng.SuiteRunner.run(SuiteRunner.java:312)
	at org.testng.SuiteRunnerWorker.runSuite(SuiteRunnerWorker.java:52)
	at org.testng.SuiteRunnerWorker.run(SuiteRunnerWorker.java:95)
	at org.testng.TestNG.runSuitesSequentially(TestNG.java:1274)
	at org.testng.TestNG.runSuitesLocally(TestNG.java:1208)
	at org.testng.TestNG.runSuites(TestNG.java:1112)
	at org.testng.TestNG.run(TestNG.java:1079)
	at org.testng.remote.AbstractRemoteTestNG.run(AbstractRemoteTestNG.java:115)
	at org.testng.remote.RemoteTestNG.initAndRun(RemoteTestNG.java:293)
	at org.testng.remote.RemoteTestNG.main(RemoteTestNG.java:91)
</pre></div></td>
<td>79</td>
<td>com.Capium.TestRunFiles.Capium_BK_purchase_runfile@4c309d4d</td></tr>
<tr>
<td title='com.Capium.TestRunFiles.Capium_BK_FixedAssests_runfile.runScenario()'><b>runScenario</b><br>Test class: com.Capium.TestRunFiles.Capium_BK_FixedAssests_runfile<br>Test method: Runs Cucumber Scenarios<br>Parameters: "Verify disposed functionality for leased", "Bookkeeping Fixed Assets"</td>
<td><div><pre>java.lang.UnsupportedOperationException: You may not select a disabled option
	at org.openqa.selenium.support.ui.Select.assertOptionIsEnabled(Select.java:321)
	at org.openqa.selenium.support.ui.Select.setSelected(Select.java:313)
	at org.openqa.selenium.support.ui.Select.selectByValue(Select.java:195)
	at com.Capium.Utilies.HelperClass.selectOptionByValue(HelperClass.java:224)
	at com.Capium.Actions.Capium_Bookkeeping_FixedAssets_Actions.Clickondisposedinactiondropdownforleased(Capium_Bookkeeping_FixedAssets_Actions.java:395)
	at com.Capium.stepDefinations.Capium_Bookkeeping_FixedAssests_Stepdef.click_on_disposed_in_action_dropdown_for_leased(Capium_Bookkeeping_FixedAssests_Stepdef.java:165)
	at ✽.Click on disposed in action dropdown for leased(file:///D:/Core%20Modules/Capium_BK_3.0/src/test/resources/Feature_CapiumPurchase/BK_FixedAssets.feature:94)
</pre></div><a href='#' onClick='toggleBox("stack-trace1517346461", this, "Click to show all stack frames", "Click to hide stack frames")'>Click to show all stack frames</a>
<div class='stack-trace' id='stack-trace1517346461'><pre>java.lang.UnsupportedOperationException: You may not select a disabled option
	at org.openqa.selenium.support.ui.Select.assertOptionIsEnabled(Select.java:321)
	at org.openqa.selenium.support.ui.Select.setSelected(Select.java:313)
	at org.openqa.selenium.support.ui.Select.selectByValue(Select.java:195)
	at com.Capium.Utilies.HelperClass.selectOptionByValue(HelperClass.java:224)
	at com.Capium.Actions.Capium_Bookkeeping_FixedAssets_Actions.Clickondisposedinactiondropdownforleased(Capium_Bookkeeping_FixedAssets_Actions.java:395)
	at com.Capium.stepDefinations.Capium_Bookkeeping_FixedAssests_Stepdef.click_on_disposed_in_action_dropdown_for_leased(Capium_Bookkeeping_FixedAssests_Stepdef.java:165)
	at ✽.Click on disposed in action dropdown for leased(file:///D:/Core%20Modules/Capium_BK_3.0/src/test/resources/Feature_CapiumPurchase/BK_FixedAssets.feature:94)
</pre></div></td>
<td>33</td>
<td>com.Capium.TestRunFiles.Capium_BK_FixedAssests_runfile@5c90e579</td></tr>
<tr>
<td title='com.Capium.TestRunFiles.Capium_BK_purchase_runfile.runScenario()'><b>runScenario</b><br>Test class: com.Capium.TestRunFiles.Capium_BK_purchase_runfile<br>Test method: Runs Cucumber Scenarios<br>Parameters: "Verify Purchase Type dropdown", "Bookkeeping Purchases"</td>
<td><div><pre>org.openqa.selenium.NoSuchElementException: no such element: Unable to locate element: {&quot;method&quot;:&quot;xpath&quot;,&quot;selector&quot;:&quot;//span[normalize-space()=&apos;Purchase&apos;]&quot;}
  (Session info: chrome=137.0.7151.104)
For documentation on this error, please visit: https://www.selenium.dev/documentation/webdriver/troubleshooting/errors#no-such-element-exception
Build info: version: &apos;4.23.0&apos;, revision: &apos;4df0a231af&apos;
System info: os.name: &apos;Windows 10&apos;, os.arch: &apos;amd64&apos;, os.version: &apos;10.0&apos;, java.version: &apos;17.0.12&apos;
Driver info: org.openqa.selenium.chrome.ChromeDriver
Command: [e75bafb7ef182ac404f596c1ca2ce005, findElement {value=//span[normalize-space()=&apos;Purchase&apos;], using=xpath}]
Capabilities {acceptInsecureCerts: false, browserName: chrome, browserVersion: 137.0.7151.104, chrome: {chromedriverVersion: 137.0.7151.119 (e0ac9d12dff..., userDataDir: C:\Users\user\AppData\Local...}, fedcm:accounts: true, goog:chromeOptions: {debuggerAddress: localhost:53382}, networkConnectionEnabled: false, pageLoadStrategy: normal, platformName: windows, proxy: Proxy(), se:cdp: ws://localhost:53382/devtoo..., se:cdpVersion: 137.0.7151.104, setWindowRect: true, strictFileInteractability: false, timeouts: {implicit: 0, pageLoad: 300000, script: 30000}, unhandledPromptBehavior: dismiss and notify, webauthn:extension:credBlob: true, webauthn:extension:largeBlob: true, webauthn:extension:minPinLength: true, webauthn:extension:prf: true, webauthn:virtualAuthenticators: true}
Session ID: e75bafb7ef182ac404f596c1ca2ce005
	at org.openqa.selenium.remote.ErrorCodec.decode(ErrorCodec.java:167)
	at org.openqa.selenium.remote.codec.w3c.W3CHttpResponseCodec.decode(W3CHttpResponseCodec.java:138)
	at org.openqa.selenium.remote.codec.w3c.W3CHttpResponseCodec.decode(W3CHttpResponseCodec.java:50)
	at org.openqa.selenium.remote.HttpCommandExecutor.execute(HttpCommandExecutor.java:190)
	at org.openqa.selenium.remote.service.DriverCommandExecutor.invokeExecute(DriverCommandExecutor.java:216)
	at org.openqa.selenium.remote.service.DriverCommandExecutor.execute(DriverCommandExecutor.java:174)
	at org.openqa.selenium.remote.RemoteWebDriver.execute(RemoteWebDriver.java:527)
	at org.openqa.selenium.remote.ElementLocation$ElementFinder$2.findElement(ElementLocation.java:165)
	at org.openqa.selenium.remote.ElementLocation.findElement(ElementLocation.java:59)
	at org.openqa.selenium.remote.RemoteWebDriver.findElement(RemoteWebDriver.java:357)
	at org.openqa.selenium.remote.RemoteWebDriver.findElement(RemoteWebDriver.java:351)
	at org.openqa.selenium.support.pagefactory.DefaultElementLocator.findElement(DefaultElementLocator.java:68)
	at org.openqa.selenium.support.pagefactory.internal.LocatingElementHandler.invoke(LocatingElementHandler.java:38)
	at jdk.proxy2/jdk.proxy2.$Proxy44.click(Unknown Source)
	at com.Capium.Actions.Capium_Bookkeeping_Purchase_Actions.click_purchase_btn(Capium_Bookkeeping_Purchase_Actions.java:54)
	at com.Capium.stepDefinations.Capium_Bookkeeping_Purchase_stepdef.validate_click_on_purchase(Capium_Bookkeeping_Purchase_stepdef.java:28)
	at ✽.Validate Click on Purchase(file:///D:/Core%20Modules/Capium_BK_3.0/src/test/resources/Feature_CapiumPurchase/BK_Purchase.feature:50)
... Removed 4 stack frames</pre></div><a href='#' onClick='toggleBox("stack-trace694125601", this, "Click to show all stack frames", "Click to hide stack frames")'>Click to show all stack frames</a>
<div class='stack-trace' id='stack-trace694125601'><pre>org.openqa.selenium.NoSuchElementException: no such element: Unable to locate element: {&quot;method&quot;:&quot;xpath&quot;,&quot;selector&quot;:&quot;//span[normalize-space()=&apos;Purchase&apos;]&quot;}
  (Session info: chrome=137.0.7151.104)
For documentation on this error, please visit: https://www.selenium.dev/documentation/webdriver/troubleshooting/errors#no-such-element-exception
Build info: version: &apos;4.23.0&apos;, revision: &apos;4df0a231af&apos;
System info: os.name: &apos;Windows 10&apos;, os.arch: &apos;amd64&apos;, os.version: &apos;10.0&apos;, java.version: &apos;17.0.12&apos;
Driver info: org.openqa.selenium.chrome.ChromeDriver
Command: [e75bafb7ef182ac404f596c1ca2ce005, findElement {value=//span[normalize-space()=&apos;Purchase&apos;], using=xpath}]
Capabilities {acceptInsecureCerts: false, browserName: chrome, browserVersion: 137.0.7151.104, chrome: {chromedriverVersion: 137.0.7151.119 (e0ac9d12dff..., userDataDir: C:\Users\user\AppData\Local...}, fedcm:accounts: true, goog:chromeOptions: {debuggerAddress: localhost:53382}, networkConnectionEnabled: false, pageLoadStrategy: normal, platformName: windows, proxy: Proxy(), se:cdp: ws://localhost:53382/devtoo..., se:cdpVersion: 137.0.7151.104, setWindowRect: true, strictFileInteractability: false, timeouts: {implicit: 0, pageLoad: 300000, script: 30000}, unhandledPromptBehavior: dismiss and notify, webauthn:extension:credBlob: true, webauthn:extension:largeBlob: true, webauthn:extension:minPinLength: true, webauthn:extension:prf: true, webauthn:virtualAuthenticators: true}
Session ID: e75bafb7ef182ac404f596c1ca2ce005
	at jdk.internal.reflect.GeneratedConstructorAccessor51.newInstance(Unknown Source)
	at java.base/jdk.internal.reflect.DelegatingConstructorAccessorImpl.newInstance(DelegatingConstructorAccessorImpl.java:45)
	at java.base/java.lang.reflect.Constructor.newInstanceWithCaller(Constructor.java:499)
	at java.base/java.lang.reflect.Constructor.newInstance(Constructor.java:480)
	at org.openqa.selenium.remote.ErrorCodec.decode(ErrorCodec.java:167)
	at org.openqa.selenium.remote.codec.w3c.W3CHttpResponseCodec.decode(W3CHttpResponseCodec.java:138)
	at org.openqa.selenium.remote.codec.w3c.W3CHttpResponseCodec.decode(W3CHttpResponseCodec.java:50)
	at org.openqa.selenium.remote.HttpCommandExecutor.execute(HttpCommandExecutor.java:190)
	at org.openqa.selenium.remote.service.DriverCommandExecutor.invokeExecute(DriverCommandExecutor.java:216)
	at org.openqa.selenium.remote.service.DriverCommandExecutor.execute(DriverCommandExecutor.java:174)
	at org.openqa.selenium.remote.RemoteWebDriver.execute(RemoteWebDriver.java:527)
	at org.openqa.selenium.remote.ElementLocation$ElementFinder$2.findElement(ElementLocation.java:165)
	at org.openqa.selenium.remote.ElementLocation.findElement(ElementLocation.java:59)
	at org.openqa.selenium.remote.RemoteWebDriver.findElement(RemoteWebDriver.java:357)
	at org.openqa.selenium.remote.RemoteWebDriver.findElement(RemoteWebDriver.java:351)
	at org.openqa.selenium.support.pagefactory.DefaultElementLocator.findElement(DefaultElementLocator.java:68)
	at org.openqa.selenium.support.pagefactory.internal.LocatingElementHandler.invoke(LocatingElementHandler.java:38)
	at jdk.proxy2/jdk.proxy2.$Proxy44.click(Unknown Source)
	at com.Capium.Actions.Capium_Bookkeeping_Purchase_Actions.click_purchase_btn(Capium_Bookkeeping_Purchase_Actions.java:54)
	at com.Capium.stepDefinations.Capium_Bookkeeping_Purchase_stepdef.validate_click_on_purchase(Capium_Bookkeeping_Purchase_stepdef.java:28)
	at ✽.Validate Click on Purchase(file:///D:/Core%20Modules/Capium_BK_3.0/src/test/resources/Feature_CapiumPurchase/BK_Purchase.feature:50)
</pre></div></td>
<td>91</td>
<td>com.Capium.TestRunFiles.Capium_BK_purchase_runfile@4c309d4d</td></tr>
</table><p>
<table width='100%' border='1' class='invocation-passed'>
<tr><td colspan='4' align='center'><b>PASSED TESTS</b></td></tr>
<tr><td><b>Test method</b></td>
<td><b>Attribute(s)</b></td>
<td width="30%"><b>Exception</b></td>
<td width="10%"><b>Time (seconds)</b></td>
<td><b>Instance</b></td>
</tr>
<tr>
<td title='com.Capium.TestRunFiles.Capium_BK_FixedAssests_runfile.runScenario()'><b>runScenario</b><br>Test class: com.Capium.TestRunFiles.Capium_BK_FixedAssests_runfile<br>Test method: Runs Cucumber Scenarios<br>Parameters: "Verify Edit and explain functionality for intangible", "Bookkeeping Fixed Assets"</td>
<td></td>
<td>47</td>
<td>com.Capium.TestRunFiles.Capium_BK_FixedAssests_runfile@5c90e579</td></tr>
<tr>
<td title='com.Capium.TestRunFiles.Capium_BK_QuickEntry_runfile.runScenario()'><b>runScenario</b><br>Test class: com.Capium.TestRunFiles.Capium_BK_QuickEntry_runfile<br>Test method: Runs Cucumber Scenarios<br>Parameters: "Verify Delete Row in QuickEntry", "Bookkeeping Quick Entry"</td>
<td></td>
<td>31</td>
<td>com.Capium.TestRunFiles.Capium_BK_QuickEntry_runfile@38102d01</td></tr>
<tr>
<td title='com.Capium.TestRunFiles.Capium_BK_Reports_runfile.runScenario()'><b>runScenario</b><br>Test class: com.Capium.TestRunFiles.Capium_BK_Reports_runfile<br>Test method: Runs Cucumber Scenarios<br>Parameters: "profit and loss of finanacials", "Reports"</td>
<td></td>
<td>39</td>
<td>com.Capium.TestRunFiles.Capium_BK_Reports_runfile@4e3958e7</td></tr>
<tr>
<td title='com.Capium.TestRunFiles.Capium_BK_Sales_runfile.runScenario()'><b>runScenario</b><br>Test class: com.Capium.TestRunFiles.Capium_BK_Sales_runfile<br>Test method: Runs Cucumber Scenarios<br>Parameters: "Sales Recurring Invoices", "BookkeepingModule-Sales"</td>
<td></td>
<td>36</td>
<td>com.Capium.TestRunFiles.Capium_BK_Sales_runfile@ed7f8b4</td></tr>
<tr>
<td title='com.Capium.TestRunFiles.Capium_BK_FixedAssests_runfile.runScenario()'><b>runScenario</b><br>Test class: com.Capium.TestRunFiles.Capium_BK_FixedAssests_runfile<br>Test method: Runs Cucumber Scenarios<br>Parameters: "Verify add intangble fixed assest in purchase", "Bookkeeping Fixed Assets"</td>
<td></td>
<td>41</td>
<td>com.Capium.TestRunFiles.Capium_BK_FixedAssests_runfile@5c90e579</td></tr>
<tr>
<td title='com.Capium.TestRunFiles.Capium_BK_Reports_runfile.runScenario()'><b>runScenario</b><br>Test class: com.Capium.TestRunFiles.Capium_BK_Reports_runfile<br>Test method: Runs Cucumber Scenarios<br>Parameters: "cash and bank report of additional", "Reports"</td>
<td></td>
<td>37</td>
<td>com.Capium.TestRunFiles.Capium_BK_Reports_runfile@4e3958e7</td></tr>
<tr>
<td title='com.Capium.TestRunFiles.Capium_BK_Reports_runfile.runScenario()'><b>runScenario</b><br>Test class: com.Capium.TestRunFiles.Capium_BK_Reports_runfile<br>Test method: Runs Cucumber Scenarios<br>Parameters: "transactions of supplier", "Reports"</td>
<td></td>
<td>36</td>
<td>com.Capium.TestRunFiles.Capium_BK_Reports_runfile@4e3958e7</td></tr>
<tr>
<td title='com.Capium.TestRunFiles.Capium_BK_Sales_runfile.runScenario()'><b>runScenario</b><br>Test class: com.Capium.TestRunFiles.Capium_BK_Sales_runfile<br>Test method: Runs Cucumber Scenarios<br>Parameters: "Sales Quotations", "BookkeepingModule-Sales"</td>
<td></td>
<td>47</td>
<td>com.Capium.TestRunFiles.Capium_BK_Sales_runfile@ed7f8b4</td></tr>
<tr>
<td title='com.Capium.TestRunFiles.Capium_BK_Tasks_runfile.runScenario()'><b>runScenario</b><br>Test class: com.Capium.TestRunFiles.Capium_BK_Tasks_runfile<br>Test method: Runs Cucumber Scenarios<br>Parameters: "Task Journals Select Delete Action", "BookkeepingModule-Task"</td>
<td></td>
<td>31</td>
<td>com.Capium.TestRunFiles.Capium_BK_Tasks_runfile@37883b97</td></tr>
<tr>
<td title='com.Capium.TestRunFiles.Capium_BK_purchase_runfile.runScenario()'><b>runScenario</b><br>Test class: com.Capium.TestRunFiles.Capium_BK_purchase_runfile<br>Test method: Runs Cucumber Scenarios<br>Parameters: "Recuring Purchase Search", "Bookkeeping Purchases"</td>
<td></td>
<td>33</td>
<td>com.Capium.TestRunFiles.Capium_BK_purchase_runfile@4c309d4d</td></tr>
<tr>
<td title='com.Capium.TestRunFiles.Capium_BK_Reports_runfile.runScenario()'><b>runScenario</b><br>Test class: com.Capium.TestRunFiles.Capium_BK_Reports_runfile<br>Test method: Runs Cucumber Scenarios<br>Parameters: "purchase report of supplier", "Reports"</td>
<td></td>
<td>34</td>
<td>com.Capium.TestRunFiles.Capium_BK_Reports_runfile@4e3958e7</td></tr>
<tr>
<td title='com.Capium.TestRunFiles.Capium_BK_Reports_runfile.runScenario()'><b>runScenario</b><br>Test class: com.Capium.TestRunFiles.Capium_BK_Reports_runfile<br>Test method: Runs Cucumber Scenarios<br>Parameters: "customer statement of customer", "Reports"</td>
<td></td>
<td>39</td>
<td>com.Capium.TestRunFiles.Capium_BK_Reports_runfile@4e3958e7</td></tr>
<tr>
<td title='com.Capium.TestRunFiles.Capium_BK_Reports_runfile.runScenario()'><b>runScenario</b><br>Test class: com.Capium.TestRunFiles.Capium_BK_Reports_runfile<br>Test method: Runs Cucumber Scenarios<br>Parameters: "balance sheet of finanacials", "Reports"</td>
<td></td>
<td>38</td>
<td>com.Capium.TestRunFiles.Capium_BK_Reports_runfile@4e3958e7</td></tr>
<tr>
<td title='com.Capium.TestRunFiles.Capium_BK_FixedAssests_runfile.runScenario()'><b>runScenario</b><br>Test class: com.Capium.TestRunFiles.Capium_BK_FixedAssests_runfile<br>Test method: Runs Cucumber Scenarios<br>Parameters: "Verify Edit and explain functionality for tangible", "Bookkeeping Fixed Assets"</td>
<td></td>
<td>35</td>
<td>com.Capium.TestRunFiles.Capium_BK_FixedAssests_runfile@5c90e579</td></tr>
<tr>
<td title='com.Capium.TestRunFiles.Capium_BK_Reports_runfile.runScenario()'><b>runScenario</b><br>Test class: com.Capium.TestRunFiles.Capium_BK_Reports_runfile<br>Test method: Runs Cucumber Scenarios<br>Parameters: "payment to supplier of supplier", "Reports"</td>
<td></td>
<td>35</td>
<td>com.Capium.TestRunFiles.Capium_BK_Reports_runfile@4e3958e7</td></tr>
<tr>
<td title='com.Capium.TestRunFiles.Capium_BK_Sales_runfile.runScenario()'><b>runScenario</b><br>Test class: com.Capium.TestRunFiles.Capium_BK_Sales_runfile<br>Test method: Runs Cucumber Scenarios<br>Parameters: "Sales Recepits", "BookkeepingModule-Sales"</td>
<td></td>
<td>34</td>
<td>com.Capium.TestRunFiles.Capium_BK_Sales_runfile@ed7f8b4</td></tr>
<tr>
<td title='com.Capium.TestRunFiles.Capium_BK_QuickEntry_runfile.runScenario()'><b>runScenario</b><br>Test class: com.Capium.TestRunFiles.Capium_BK_QuickEntry_runfile<br>Test method: Runs Cucumber Scenarios<br>Parameters: "Verify Delete QuickEntry", "Bookkeeping Quick Entry"</td>
<td></td>
<td>40</td>
<td>com.Capium.TestRunFiles.Capium_BK_QuickEntry_runfile@38102d01</td></tr>
<tr>
<td title='com.Capium.TestRunFiles.Capium_BK_purchase_runfile.runScenario()'><b>runScenario</b><br>Test class: com.Capium.TestRunFiles.Capium_BK_purchase_runfile<br>Test method: Runs Cucumber Scenarios<br>Parameters: "Purchase Dashboard", "Bookkeeping Purchases"</td>
<td></td>
<td>58</td>
<td>com.Capium.TestRunFiles.Capium_BK_purchase_runfile@4c309d4d</td></tr>
<tr>
<td title='com.Capium.TestRunFiles.Capium_BK_Reports_runfile.runScenario()'><b>runScenario</b><br>Test class: com.Capium.TestRunFiles.Capium_BK_Reports_runfile<br>Test method: Runs Cucumber Scenarios<br>Parameters: "budget reports of finanacials", "Reports"</td>
<td></td>
<td>41</td>
<td>com.Capium.TestRunFiles.Capium_BK_Reports_runfile@4e3958e7</td></tr>
<tr>
<td title='com.Capium.TestRunFiles.Capium_BK_CIS_runfile.runScenario()'><b>runScenario</b><br>Test class: com.Capium.TestRunFiles.Capium_BK_CIS_runfile<br>Test method: Runs Cucumber Scenarios<br>Parameters: "Verify CIS Invoice report", "Bookkeeping CIS"</td>
<td></td>
<td>44</td>
<td>com.Capium.TestRunFiles.Capium_BK_CIS_runfile@6ab778a</td></tr>
<tr>
<td title='com.Capium.TestRunFiles.Capium_BK_Sales_runfile.runScenario()'><b>runScenario</b><br>Test class: com.Capium.TestRunFiles.Capium_BK_Sales_runfile<br>Test method: Runs Cucumber Scenarios<br>Parameters: "Sales Dashboard functionality", "BookkeepingModule-Sales"</td>
<td></td>
<td>84</td>
<td>com.Capium.TestRunFiles.Capium_BK_Sales_runfile@ed7f8b4</td></tr>
<tr>
<td title='com.Capium.TestRunFiles.Capium_BK_FixedAssests_runfile.runScenario()'><b>runScenario</b><br>Test class: com.Capium.TestRunFiles.Capium_BK_FixedAssests_runfile<br>Test method: Runs Cucumber Scenarios<br>Parameters: "Verify activate(disposed assest) functionality for intangble", "Bookkeeping Fixed Assets"</td>
<td></td>
<td>32</td>
<td>com.Capium.TestRunFiles.Capium_BK_FixedAssests_runfile@5c90e579</td></tr>
<tr>
<td title='com.Capium.TestRunFiles.Capium_BK_purchase_runfile.runScenario()'><b>runScenario</b><br>Test class: com.Capium.TestRunFiles.Capium_BK_purchase_runfile<br>Test method: Runs Cucumber Scenarios<br>Parameters: "Purchase Payments", "Bookkeeping Purchases"</td>
<td></td>
<td>37</td>
<td>com.Capium.TestRunFiles.Capium_BK_purchase_runfile@4c309d4d</td></tr>
<tr>
<td title='com.Capium.TestRunFiles.Capium_BK_CIS_runfile.runScenario()'><b>runScenario</b><br>Test class: com.Capium.TestRunFiles.Capium_BK_CIS_runfile<br>Test method: Runs Cucumber Scenarios<br>Parameters: "Verify Select Action dropdown in SubContractor", "Bookkeeping CIS"</td>
<td></td>
<td>36</td>
<td>com.Capium.TestRunFiles.Capium_BK_CIS_runfile@6ab778a</td></tr>
<tr>
<td title='com.Capium.TestRunFiles.Capium_BK_purchase_runfile.runScenario()'><b>runScenario</b><br>Test class: com.Capium.TestRunFiles.Capium_BK_purchase_runfile<br>Test method: Runs Cucumber Scenarios<br>Parameters: "Purchases Export", "Bookkeeping Purchases"</td>
<td></td>
<td>37</td>
<td>com.Capium.TestRunFiles.Capium_BK_purchase_runfile@4c309d4d</td></tr>
<tr>
<td title='com.Capium.TestRunFiles.Capium_BK_Schedule_runfile.runScenario()'><b>runScenario</b><br>Test class: com.Capium.TestRunFiles.Capium_BK_Schedule_runfile<br>Test method: Runs Cucumber Scenarios<br>Parameters: "Schedule functionality", "Schedule"</td>
<td></td>
<td>60</td>
<td>com.Capium.TestRunFiles.Capium_BK_Schedule_runfile@77f80c04</td></tr>
<tr>
<td title='com.Capium.TestRunFiles.Capium_BK_QuickEntry_runfile.runScenario()'><b>runScenario</b><br>Test class: com.Capium.TestRunFiles.Capium_BK_QuickEntry_runfile<br>Test method: Runs Cucumber Scenarios<br>Parameters: "Verify QuickEntry Page", "Bookkeeping Quick Entry"</td>
<td></td>
<td>37</td>
<td>com.Capium.TestRunFiles.Capium_BK_QuickEntry_runfile@38102d01</td></tr>
<tr>
<td title='com.Capium.TestRunFiles.Capium_BK_QuickEntry_runfile.runScenario()'><b>runScenario</b><br>Test class: com.Capium.TestRunFiles.Capium_BK_QuickEntry_runfile<br>Test method: Runs Cucumber Scenarios<br>Parameters: "Verify Edit and Add Row in QuickEntry", "Bookkeeping Quick Entry"</td>
<td></td>
<td>41</td>
<td>com.Capium.TestRunFiles.Capium_BK_QuickEntry_runfile@38102d01</td></tr>
<tr>
<td title='com.Capium.TestRunFiles.Capium_BK_Reports_runfile.runScenario()'><b>runScenario</b><br>Test class: com.Capium.TestRunFiles.Capium_BK_Reports_runfile<br>Test method: Runs Cucumber Scenarios<br>Parameters: "customer reciepts of customer", "Reports"</td>
<td></td>
<td>37</td>
<td>com.Capium.TestRunFiles.Capium_BK_Reports_runfile@4e3958e7</td></tr>
<tr>
<td title='com.Capium.TestRunFiles.Capium_BK_Tasks_runfile.runScenario()'><b>runScenario</b><br>Test class: com.Capium.TestRunFiles.Capium_BK_Tasks_runfile<br>Test method: Runs Cucumber Scenarios<br>Parameters: "Task Dividends Search", "BookkeepingModule-Task"</td>
<td></td>
<td>33</td>
<td>com.Capium.TestRunFiles.Capium_BK_Tasks_runfile@37883b97</td></tr>
<tr>
<td title='com.Capium.TestRunFiles.Capium_BK_Reports_runfile.runScenario()'><b>runScenario</b><br>Test class: com.Capium.TestRunFiles.Capium_BK_Reports_runfile<br>Test method: Runs Cucumber Scenarios<br>Parameters: "debtors list of customer", "Reports"</td>
<td></td>
<td>41</td>
<td>com.Capium.TestRunFiles.Capium_BK_Reports_runfile@4e3958e7</td></tr>
<tr>
<td title='com.Capium.TestRunFiles.Capium_BK_QuickEntry_runfile.runScenario()'><b>runScenario</b><br>Test class: com.Capium.TestRunFiles.Capium_BK_QuickEntry_runfile<br>Test method: Runs Cucumber Scenarios<br>Parameters: "Verify Save and New button", "Bookkeeping Quick Entry"</td>
<td></td>
<td>40</td>
<td>com.Capium.TestRunFiles.Capium_BK_QuickEntry_runfile@38102d01</td></tr>
<tr>
<td title='com.Capium.TestRunFiles.Capium_BK_CIS_runfile.runScenario()'><b>runScenario</b><br>Test class: com.Capium.TestRunFiles.Capium_BK_CIS_runfile<br>Test method: Runs Cucumber Scenarios<br>Parameters: "Verify Contractor Settings", "Bookkeeping CIS"</td>
<td></td>
<td>48</td>
<td>com.Capium.TestRunFiles.Capium_BK_CIS_runfile@6ab778a</td></tr>
<tr>
<td title='com.Capium.TestRunFiles.Capium_BK_Reports_runfile.runScenario()'><b>runScenario</b><br>Test class: com.Capium.TestRunFiles.Capium_BK_Reports_runfile<br>Test method: Runs Cucumber Scenarios<br>Parameters: "supplier list of supplier", "Reports"</td>
<td></td>
<td>37</td>
<td>com.Capium.TestRunFiles.Capium_BK_Reports_runfile@4e3958e7</td></tr>
<tr>
<td title='com.Capium.TestRunFiles.Capium_BK_FixedAssests_runfile.runScenario()'><b>runScenario</b><br>Test class: com.Capium.TestRunFiles.Capium_BK_FixedAssests_runfile<br>Test method: Runs Cucumber Scenarios<br>Parameters: "Verify Fixed Assets page", "Bookkeeping Fixed Assets"</td>
<td></td>
<td>32</td>
<td>com.Capium.TestRunFiles.Capium_BK_FixedAssests_runfile@5c90e579</td></tr>
<tr>
<td title='com.Capium.TestRunFiles.Capium_BK_Reports_runfile.runScenario()'><b>runScenario</b><br>Test class: com.Capium.TestRunFiles.Capium_BK_Reports_runfile<br>Test method: Runs Cucumber Scenarios<br>Parameters: "Reports dashboard", "Reports"</td>
<td></td>
<td>31</td>
<td>com.Capium.TestRunFiles.Capium_BK_Reports_runfile@4e3958e7</td></tr>
<tr>
<td title='com.Capium.TestRunFiles.Capium_BK_Sales_runfile.runScenario()'><b>runScenario</b><br>Test class: com.Capium.TestRunFiles.Capium_BK_Sales_runfile<br>Test method: Runs Cucumber Scenarios<br>Parameters: "Receipts Select Action", "BookkeepingModule-Sales"</td>
<td></td>
<td>47</td>
<td>com.Capium.TestRunFiles.Capium_BK_Sales_runfile@ed7f8b4</td></tr>
<tr>
<td title='com.Capium.TestRunFiles.Capium_BK_FixedAssests_runfile.runScenario()'><b>runScenario</b><br>Test class: com.Capium.TestRunFiles.Capium_BK_FixedAssests_runfile<br>Test method: Runs Cucumber Scenarios<br>Parameters: "Verify activate(sell assest) functionality for leased", "Bookkeeping Fixed Assets"</td>
<td></td>
<td>36</td>
<td>com.Capium.TestRunFiles.Capium_BK_FixedAssests_runfile@5c90e579</td></tr>
<tr>
<td title='com.Capium.TestRunFiles.Capium_BK_Tasks_runfile.runScenario()'><b>runScenario</b><br>Test class: com.Capium.TestRunFiles.Capium_BK_Tasks_runfile<br>Test method: Runs Cucumber Scenarios<br>Parameters: "Task Journals Select PDF Action", "BookkeepingModule-Task"</td>
<td></td>
<td>35</td>
<td>com.Capium.TestRunFiles.Capium_BK_Tasks_runfile@37883b97</td></tr>
<tr>
<td title='com.Capium.TestRunFiles.Capium_BK_FixedAssests_runfile.runScenario()'><b>runScenario</b><br>Test class: com.Capium.TestRunFiles.Capium_BK_FixedAssests_runfile<br>Test method: Runs Cucumber Scenarios<br>Parameters: "Verify activate(disposed assest) functionality for leased", "Bookkeeping Fixed Assets"</td>
<td></td>
<td>36</td>
<td>com.Capium.TestRunFiles.Capium_BK_FixedAssests_runfile@5c90e579</td></tr>
<tr>
<td title='com.Capium.TestRunFiles.Capium_BK_QuickEntry_runfile.runScenario()'><b>runScenario</b><br>Test class: com.Capium.TestRunFiles.Capium_BK_QuickEntry_runfile<br>Test method: Runs Cucumber Scenarios<br>Parameters: "Verify PDF download", "Bookkeeping Quick Entry"</td>
<td></td>
<td>32</td>
<td>com.Capium.TestRunFiles.Capium_BK_QuickEntry_runfile@38102d01</td></tr>
<tr>
<td title='com.Capium.TestRunFiles.Capium_BK_FixedAssests_runfile.runScenario()'><b>runScenario</b><br>Test class: com.Capium.TestRunFiles.Capium_BK_FixedAssests_runfile<br>Test method: Runs Cucumber Scenarios<br>Parameters: "Verify disposed functionality for intangible", "Bookkeeping Fixed Assets"</td>
<td></td>
<td>51</td>
<td>com.Capium.TestRunFiles.Capium_BK_FixedAssests_runfile@5c90e579</td></tr>
<tr>
<td title='com.Capium.TestRunFiles.Capium_BK_FixedAssests_runfile.runScenario()'><b>runScenario</b><br>Test class: com.Capium.TestRunFiles.Capium_BK_FixedAssests_runfile<br>Test method: Runs Cucumber Scenarios<br>Parameters: "Verify add fixed assests redirection to purchase", "Bookkeeping Fixed Assets"</td>
<td></td>
<td>36</td>
<td>com.Capium.TestRunFiles.Capium_BK_FixedAssests_runfile@5c90e579</td></tr>
<tr>
<td title='com.Capium.TestRunFiles.Capium_BK_Reports_runfile.runScenario()'><b>runScenario</b><br>Test class: com.Capium.TestRunFiles.Capium_BK_Reports_runfile<br>Test method: Runs Cucumber Scenarios<br>Parameters: "cashflow of finanacials", "Reports"</td>
<td></td>
<td>40</td>
<td>com.Capium.TestRunFiles.Capium_BK_Reports_runfile@4e3958e7</td></tr>
<tr>
<td title='com.Capium.TestRunFiles.Capium_BK_FixedAssests_runfile.runScenario()'><b>runScenario</b><br>Test class: com.Capium.TestRunFiles.Capium_BK_FixedAssests_runfile<br>Test method: Runs Cucumber Scenarios<br>Parameters: "Verify Edit and explain functionality for leased", "Bookkeeping Fixed Assets"</td>
<td></td>
<td>45</td>
<td>com.Capium.TestRunFiles.Capium_BK_FixedAssests_runfile@5c90e579</td></tr>
<tr>
<td title='com.Capium.TestRunFiles.Capium_BK_Dashboard_runfile.runScenario()'><b>runScenario</b><br>Test class: com.Capium.TestRunFiles.Capium_BK_Dashboard_runfile<br>Test method: Runs Cucumber Scenarios<br>Parameters: "Dashboard functionality", "Bookkeeping dashboard"</td>
<td></td>
<td>87</td>
<td>com.Capium.TestRunFiles.Capium_BK_Dashboard_runfile@10aa41f2</td></tr>
<tr>
<td title='com.Capium.TestRunFiles.Capium_BK_Reports_runfile.runScenario()'><b>runScenario</b><br>Test class: com.Capium.TestRunFiles.Capium_BK_Reports_runfile<br>Test method: Runs Cucumber Scenarios<br>Parameters: "supplier statement of supplier", "Reports"</td>
<td></td>
<td>37</td>
<td>com.Capium.TestRunFiles.Capium_BK_Reports_runfile@4e3958e7</td></tr>
<tr>
<td title='com.Capium.TestRunFiles.Capium_BK_CIS_runfile.runScenario()'><b>runScenario</b><br>Test class: com.Capium.TestRunFiles.Capium_BK_CIS_runfile<br>Test method: Runs Cucumber Scenarios<br>Parameters: "Verify CIS dropdown after creating CIS purchase", "Bookkeeping CIS"</td>
<td></td>
<td>39</td>
<td>com.Capium.TestRunFiles.Capium_BK_CIS_runfile@6ab778a</td></tr>
<tr>
<td title='com.Capium.TestRunFiles.Capium_BK_CIS_runfile.runScenario()'><b>runScenario</b><br>Test class: com.Capium.TestRunFiles.Capium_BK_CIS_runfile<br>Test method: Runs Cucumber Scenarios<br>Parameters: "Verify CIS dropdown", "Bookkeeping CIS"</td>
<td></td>
<td>58</td>
<td>com.Capium.TestRunFiles.Capium_BK_CIS_runfile@6ab778a</td></tr>
<tr>
<td title='com.Capium.TestRunFiles.Capium_ClientCreation_runfile.runScenario()'><b>runScenario</b><br>Test class: com.Capium.TestRunFiles.Capium_ClientCreation_runfile<br>Test method: Runs Cucumber Scenarios<br>Parameters: "Client creation page", "ClientCreation"</td>
<td></td>
<td>42</td>
<td>com.Capium.TestRunFiles.Capium_ClientCreation_runfile@3af9c5b7</td></tr>
<tr>
<td title='com.Capium.TestRunFiles.Capium_BK_purchase_runfile.runScenario()'><b>runScenario</b><br>Test class: com.Capium.TestRunFiles.Capium_BK_purchase_runfile<br>Test method: Runs Cucumber Scenarios<br>Parameters: "CapiScan", "Bookkeeping Purchases"</td>
<td></td>
<td>32</td>
<td>com.Capium.TestRunFiles.Capium_BK_purchase_runfile@4c309d4d</td></tr>
<tr>
<td title='com.Capium.TestRunFiles.Capium_BK_Reports_runfile.runScenario()'><b>runScenario</b><br>Test class: com.Capium.TestRunFiles.Capium_BK_Reports_runfile<br>Test method: Runs Cucumber Scenarios<br>Parameters: "nominal ledger of additional", "Reports"</td>
<td></td>
<td>39</td>
<td>com.Capium.TestRunFiles.Capium_BK_Reports_runfile@4e3958e7</td></tr>
<tr>
<td title='com.Capium.TestRunFiles.Capium_BK_Reports_runfile.runScenario()'><b>runScenario</b><br>Test class: com.Capium.TestRunFiles.Capium_BK_Reports_runfile<br>Test method: Runs Cucumber Scenarios<br>Parameters: "sales report customer", "Reports"</td>
<td></td>
<td>41</td>
<td>com.Capium.TestRunFiles.Capium_BK_Reports_runfile@4e3958e7</td></tr>
<tr>
<td title='com.Capium.TestRunFiles.Capium_BK_Sales_runfile.runScenario()'><b>runScenario</b><br>Test class: com.Capium.TestRunFiles.Capium_BK_Sales_runfile<br>Test method: Runs Cucumber Scenarios<br>Parameters: "Invoices Type Satuts and Export", "BookkeepingModule-Sales"</td>
<td></td>
<td>73</td>
<td>com.Capium.TestRunFiles.Capium_BK_Sales_runfile@ed7f8b4</td></tr>
<tr>
<td title='com.Capium.TestRunFiles.Capium_BK_Tasks_runfile.runScenario()'><b>runScenario</b><br>Test class: com.Capium.TestRunFiles.Capium_BK_Tasks_runfile<br>Test method: Runs Cucumber Scenarios<br>Parameters: "Task Bulk Edit", "BookkeepingModule-Task"</td>
<td></td>
<td>37</td>
<td>com.Capium.TestRunFiles.Capium_BK_Tasks_runfile@37883b97</td></tr>
<tr>
<td title='com.Capium.TestRunFiles.Capium_BK_Sales_runfile.runScenario()'><b>runScenario</b><br>Test class: com.Capium.TestRunFiles.Capium_BK_Sales_runfile<br>Test method: Runs Cucumber Scenarios<br>Parameters: "Quotation Select Action", "BookkeepingModule-Sales"</td>
<td></td>
<td>67</td>
<td>com.Capium.TestRunFiles.Capium_BK_Sales_runfile@ed7f8b4</td></tr>
<tr>
<td title='com.Capium.TestRunFiles.Capium_BK_Tasks_runfile.runScenario()'><b>runScenario</b><br>Test class: com.Capium.TestRunFiles.Capium_BK_Tasks_runfile<br>Test method: Runs Cucumber Scenarios<br>Parameters: "Tasks Journals", "BookkeepingModule-Task"</td>
<td></td>
<td>92</td>
<td>com.Capium.TestRunFiles.Capium_BK_Tasks_runfile@37883b97</td></tr>
<tr>
<td title='com.Capium.TestRunFiles.Capium_BK_purchase_runfile.runScenario()'><b>runScenario</b><br>Test class: com.Capium.TestRunFiles.Capium_BK_purchase_runfile<br>Test method: Runs Cucumber Scenarios<br>Parameters: "Recuring Purchases", "Bookkeeping Purchases"</td>
<td></td>
<td>55</td>
<td>com.Capium.TestRunFiles.Capium_BK_purchase_runfile@4c309d4d</td></tr>
<tr>
<td title='com.Capium.TestRunFiles.Capium_BK_Reports_runfile.runScenario()'><b>runScenario</b><br>Test class: com.Capium.TestRunFiles.Capium_BK_Reports_runfile<br>Test method: Runs Cucumber Scenarios<br>Parameters: "trail balance of finanacials", "Reports"</td>
<td></td>
<td>39</td>
<td>com.Capium.TestRunFiles.Capium_BK_Reports_runfile@4e3958e7</td></tr>
<tr>
<td title='com.Capium.TestRunFiles.Capium_BK_Reports_runfile.runScenario()'><b>runScenario</b><br>Test class: com.Capium.TestRunFiles.Capium_BK_Reports_runfile<br>Test method: Runs Cucumber Scenarios<br>Parameters: "adavance report customer", "Reports"</td>
<td></td>
<td>36</td>
<td>com.Capium.TestRunFiles.Capium_BK_Reports_runfile@4e3958e7</td></tr>
<tr>
<td title='com.Capium.TestRunFiles.Capium_BK_Tasks_runfile.runScenario()'><b>runScenario</b><br>Test class: com.Capium.TestRunFiles.Capium_BK_Tasks_runfile<br>Test method: Runs Cucumber Scenarios<br>Parameters: "Task Dividends", "BookkeepingModule-Task"</td>
<td></td>
<td>31</td>
<td>com.Capium.TestRunFiles.Capium_BK_Tasks_runfile@37883b97</td></tr>
<tr>
<td title='com.Capium.TestRunFiles.Capium_BK_Reports_runfile.runScenario()'><b>runScenario</b><br>Test class: com.Capium.TestRunFiles.Capium_BK_Reports_runfile<br>Test method: Runs Cucumber Scenarios<br>Parameters: "day book of finanacials", "Reports"</td>
<td></td>
<td>39</td>
<td>com.Capium.TestRunFiles.Capium_BK_Reports_runfile@4e3958e7</td></tr>
<tr>
<td title='com.Capium.TestRunFiles.Capium_BK_Tasks_runfile.runScenario()'><b>runScenario</b><br>Test class: com.Capium.TestRunFiles.Capium_BK_Tasks_runfile<br>Test method: Runs Cucumber Scenarios<br>Parameters: "Task Budgeting Edit Action", "BookkeepingModule-Task"</td>
<td></td>
<td>83</td>
<td>com.Capium.TestRunFiles.Capium_BK_Tasks_runfile@37883b97</td></tr>
<tr>
<td title='com.Capium.TestRunFiles.Capium_BK_FixedAssests_runfile.runScenario()'><b>runScenario</b><br>Test class: com.Capium.TestRunFiles.Capium_BK_FixedAssests_runfile<br>Test method: Runs Cucumber Scenarios<br>Parameters: "Verify add tangble fixed assest in purchase", "Bookkeeping Fixed Assets"</td>
<td></td>
<td>43</td>
<td>com.Capium.TestRunFiles.Capium_BK_FixedAssests_runfile@5c90e579</td></tr>
<tr>
<td title='com.Capium.TestRunFiles.Capium_BK_QuickEntry_runfile.runScenario()'><b>runScenario</b><br>Test class: com.Capium.TestRunFiles.Capium_BK_QuickEntry_runfile<br>Test method: Runs Cucumber Scenarios<br>Parameters: "Verify QuickEntry Page", "Bookkeeping Quick Entry"</td>
<td></td>
<td>37</td>
<td>com.Capium.TestRunFiles.Capium_BK_QuickEntry_runfile@38102d01</td></tr>
<tr>
<td title='com.Capium.TestRunFiles.Capium_BK_Reports_runfile.runScenario()'><b>runScenario</b><br>Test class: com.Capium.TestRunFiles.Capium_BK_Reports_runfile<br>Test method: Runs Cucumber Scenarios<br>Parameters: "sales product list of customer", "Reports"</td>
<td></td>
<td>41</td>
<td>com.Capium.TestRunFiles.Capium_BK_Reports_runfile@4e3958e7</td></tr>
<tr>
<td title='com.Capium.TestRunFiles.Capium_BK_Reports_runfile.runScenario()'><b>runScenario</b><br>Test class: com.Capium.TestRunFiles.Capium_BK_Reports_runfile<br>Test method: Runs Cucumber Scenarios<br>Parameters: "supplier ageing list of supplier", "Reports"</td>
<td></td>
<td>37</td>
<td>com.Capium.TestRunFiles.Capium_BK_Reports_runfile@4e3958e7</td></tr>
<tr>
<td title='com.Capium.TestRunFiles.Capium_BK_Reports_runfile.runScenario()'><b>runScenario</b><br>Test class: com.Capium.TestRunFiles.Capium_BK_Reports_runfile<br>Test method: Runs Cucumber Scenarios<br>Parameters: "recent transaction of additional", "Reports"</td>
<td></td>
<td>37</td>
<td>com.Capium.TestRunFiles.Capium_BK_Reports_runfile@4e3958e7</td></tr>
<tr>
<td title='com.Capium.TestRunFiles.Capium_BK_Reports_runfile.runScenario()'><b>runScenario</b><br>Test class: com.Capium.TestRunFiles.Capium_BK_Reports_runfile<br>Test method: Runs Cucumber Scenarios<br>Parameters: "customer list customer", "Reports"</td>
<td></td>
<td>38</td>
<td>com.Capium.TestRunFiles.Capium_BK_Reports_runfile@4e3958e7</td></tr>
<tr>
<td title='com.Capium.TestRunFiles.Capium_BK_FixedAssests_runfile.runScenario()'><b>runScenario</b><br>Test class: com.Capium.TestRunFiles.Capium_BK_FixedAssests_runfile<br>Test method: Runs Cucumber Scenarios<br>Parameters: "Verify activate(sell assest) functionality for tangible", "Bookkeeping Fixed Assets"</td>
<td></td>
<td>36</td>
<td>com.Capium.TestRunFiles.Capium_BK_FixedAssests_runfile@5c90e579</td></tr>
<tr>
<td title='com.Capium.TestRunFiles.Capium_BK_FixedAssests_runfile.runScenario()'><b>runScenario</b><br>Test class: com.Capium.TestRunFiles.Capium_BK_FixedAssests_runfile<br>Test method: Runs Cucumber Scenarios<br>Parameters: "Verify sell functionality for leased", "Bookkeeping Fixed Assets"</td>
<td></td>
<td>36</td>
<td>com.Capium.TestRunFiles.Capium_BK_FixedAssests_runfile@5c90e579</td></tr>
<tr>
<td title='com.Capium.TestRunFiles.Capium_BK_Reports_runfile.runScenario()'><b>runScenario</b><br>Test class: com.Capium.TestRunFiles.Capium_BK_Reports_runfile<br>Test method: Runs Cucumber Scenarios<br>Parameters: "Transactions of customer", "Reports"</td>
<td></td>
<td>39</td>
<td>com.Capium.TestRunFiles.Capium_BK_Reports_runfile@4e3958e7</td></tr>
<tr>
<td title='com.Capium.TestRunFiles.Capium_BK_CIS_runfile.runScenario()'><b>runScenario</b><br>Test class: com.Capium.TestRunFiles.Capium_BK_CIS_runfile<br>Test method: Runs Cucumber Scenarios<br>Parameters: "Verify purchase drop down", "Bookkeeping CIS"</td>
<td></td>
<td>41</td>
<td>com.Capium.TestRunFiles.Capium_BK_CIS_runfile@6ab778a</td></tr>
<tr>
<td title='com.Capium.TestRunFiles.Capium_BK_Reports_runfile.runScenario()'><b>runScenario</b><br>Test class: com.Capium.TestRunFiles.Capium_BK_Reports_runfile<br>Test method: Runs Cucumber Scenarios<br>Parameters: "sales invoice list of customer", "Reports"</td>
<td></td>
<td>36</td>
<td>com.Capium.TestRunFiles.Capium_BK_Reports_runfile@4e3958e7</td></tr>
<tr>
<td title='com.Capium.TestRunFiles.Capium_BK_purchase_runfile.runScenario()'><b>runScenario</b><br>Test class: com.Capium.TestRunFiles.Capium_BK_purchase_runfile<br>Test method: Runs Cucumber Scenarios<br>Parameters: "Purchase Payments", "Bookkeeping Purchases"</td>
<td></td>
<td>48</td>
<td>com.Capium.TestRunFiles.Capium_BK_purchase_runfile@4c309d4d</td></tr>
<tr>
<td title='com.Capium.TestRunFiles.Capium_BK_Contacts_runfile.runScenario()'><b>runScenario</b><br>Test class: com.Capium.TestRunFiles.Capium_BK_Contacts_runfile<br>Test method: Runs Cucumber Scenarios<br>Parameters: "Add Customers to Contacts", "Contacts"</td>
<td></td>
<td>65</td>
<td>com.Capium.TestRunFiles.Capium_BK_Contacts_runfile@37271612</td></tr>
<tr>
<td title='com.Capium.TestRunFiles.Capium_BK_CIS_runfile.runScenario()'><b>runScenario</b><br>Test class: com.Capium.TestRunFiles.Capium_BK_CIS_runfile<br>Test method: Runs Cucumber Scenarios<br>Parameters: "Verify Subcontractor Contractor YTD Details Report", "Bookkeeping CIS"</td>
<td></td>
<td>51</td>
<td>com.Capium.TestRunFiles.Capium_BK_CIS_runfile@6ab778a</td></tr>
<tr>
<td title='com.Capium.TestRunFiles.Capium_BK_FixedAssests_runfile.runScenario()'><b>runScenario</b><br>Test class: com.Capium.TestRunFiles.Capium_BK_FixedAssests_runfile<br>Test method: Runs Cucumber Scenarios<br>Parameters: "Verify sell functionality for tangible", "Bookkeeping Fixed Assets"</td>
<td></td>
<td>45</td>
<td>com.Capium.TestRunFiles.Capium_BK_FixedAssests_runfile@5c90e579</td></tr>
<tr>
<td title='com.Capium.TestRunFiles.Capium_BK_purchase_runfile.runScenario()'><b>runScenario</b><br>Test class: com.Capium.TestRunFiles.Capium_BK_purchase_runfile<br>Test method: Runs Cucumber Scenarios<br>Parameters: "Purchase Dashboard - Purchase summary", "Bookkeeping Purchases"</td>
<td></td>
<td>71</td>
<td>com.Capium.TestRunFiles.Capium_BK_purchase_runfile@4c309d4d</td></tr>
<tr>
<td title='com.Capium.TestRunFiles.Capium_BK_Tasks_runfile.runScenario()'><b>runScenario</b><br>Test class: com.Capium.TestRunFiles.Capium_BK_Tasks_runfile<br>Test method: Runs Cucumber Scenarios<br>Parameters: "Task Budgeting", "BookkeepingModule-Task"</td>
<td></td>
<td>141</td>
<td>com.Capium.TestRunFiles.Capium_BK_Tasks_runfile@37883b97</td></tr>
<tr>
<td title='com.Capium.TestRunFiles.Capium_BK_purchase_runfile.runScenario()'><b>runScenario</b><br>Test class: com.Capium.TestRunFiles.Capium_BK_purchase_runfile<br>Test method: Runs Cucumber Scenarios<br>Parameters: "Verify Action dropdown in purchase", "Bookkeeping Purchases"</td>
<td></td>
<td>37</td>
<td>com.Capium.TestRunFiles.Capium_BK_purchase_runfile@4c309d4d</td></tr>
<tr>
<td title='com.Capium.TestRunFiles.Capium_BK_purchase_runfile.runScenario()'><b>runScenario</b><br>Test class: com.Capium.TestRunFiles.Capium_BK_purchase_runfile<br>Test method: Runs Cucumber Scenarios<br>Parameters: "Purchases Page", "Bookkeeping Purchases"</td>
<td></td>
<td>200</td>
<td>com.Capium.TestRunFiles.Capium_BK_purchase_runfile@4c309d4d</td></tr>
<tr>
<td title='com.Capium.TestRunFiles.Capium_BK_Sales_runfile.runScenario()'><b>runScenario</b><br>Test class: com.Capium.TestRunFiles.Capium_BK_Sales_runfile<br>Test method: Runs Cucumber Scenarios<br>Parameters: "Sales Invoice dropdown", "BookkeepingModule-Sales"</td>
<td></td>
<td>46</td>
<td>com.Capium.TestRunFiles.Capium_BK_Sales_runfile@ed7f8b4</td></tr>
<tr>
<td title='com.Capium.TestRunFiles.Capium_BK_Reports_runfile.runScenario()'><b>runScenario</b><br>Test class: com.Capium.TestRunFiles.Capium_BK_Reports_runfile<br>Test method: Runs Cucumber Scenarios<br>Parameters: "purchase invoice list of supplier", "Reports"</td>
<td></td>
<td>39</td>
<td>com.Capium.TestRunFiles.Capium_BK_Reports_runfile@4e3958e7</td></tr>
<tr>
<td title='com.Capium.TestRunFiles.Capium_BK_Tasks_runfile.runScenario()'><b>runScenario</b><br>Test class: com.Capium.TestRunFiles.Capium_BK_Tasks_runfile<br>Test method: Runs Cucumber Scenarios<br>Parameters: "Task Journals Select Excel Action", "BookkeepingModule-Task"</td>
<td></td>
<td>31</td>
<td>com.Capium.TestRunFiles.Capium_BK_Tasks_runfile@37883b97</td></tr>
<tr>
<td title='com.Capium.TestRunFiles.Capium_BK_Reports_runfile.runScenario()'><b>runScenario</b><br>Test class: com.Capium.TestRunFiles.Capium_BK_Reports_runfile<br>Test method: Runs Cucumber Scenarios<br>Parameters: "customer ageing list of customer", "Reports"</td>
<td></td>
<td>35</td>
<td>com.Capium.TestRunFiles.Capium_BK_Reports_runfile@4e3958e7</td></tr>
<tr>
<td title='com.Capium.TestRunFiles.Capium_BK_Reports_runfile.runScenario()'><b>runScenario</b><br>Test class: com.Capium.TestRunFiles.Capium_BK_Reports_runfile<br>Test method: Runs Cucumber Scenarios<br>Parameters: "comparative reports of finanacials", "Reports"</td>
<td></td>
<td>37</td>
<td>com.Capium.TestRunFiles.Capium_BK_Reports_runfile@4e3958e7</td></tr>
<tr>
<td title='com.Capium.TestRunFiles.Capium_BK_Tasks_runfile.runScenario()'><b>runScenario</b><br>Test class: com.Capium.TestRunFiles.Capium_BK_Tasks_runfile<br>Test method: Runs Cucumber Scenarios<br>Parameters: "Task Journals Select Edit Action", "BookkeepingModule-Task"</td>
<td></td>
<td>45</td>
<td>com.Capium.TestRunFiles.Capium_BK_Tasks_runfile@37883b97</td></tr>
<tr>
<td title='com.Capium.TestRunFiles.Capium_BK_Tasks_runfile.runScenario()'><b>runScenario</b><br>Test class: com.Capium.TestRunFiles.Capium_BK_Tasks_runfile<br>Test method: Runs Cucumber Scenarios<br>Parameters: "Task Journals Select Copy Action", "BookkeepingModule-Task"</td>
<td></td>
<td>33</td>
<td>com.Capium.TestRunFiles.Capium_BK_Tasks_runfile@37883b97</td></tr>
<tr>
<td title='com.Capium.TestRunFiles.Capium_BK_Reports_runfile.runScenario()'><b>runScenario</b><br>Test class: com.Capium.TestRunFiles.Capium_BK_Reports_runfile<br>Test method: Runs Cucumber Scenarios<br>Parameters: "creditors list of supplier", "Reports"</td>
<td></td>
<td>37</td>
<td>com.Capium.TestRunFiles.Capium_BK_Reports_runfile@4e3958e7</td></tr>
<tr>
<td title='com.Capium.TestRunFiles.Capium_BK_Sales_runfile.runScenario()'><b>runScenario</b><br>Test class: com.Capium.TestRunFiles.Capium_BK_Sales_runfile<br>Test method: Runs Cucumber Scenarios<br>Parameters: "Sales Invoices", "BookkeepingModule-Sales"</td>
<td></td>
<td>101</td>
<td>com.Capium.TestRunFiles.Capium_BK_Sales_runfile@ed7f8b4</td></tr>
<tr>
<td title='com.Capium.TestRunFiles.Capium_BK_FixedAssests_runfile.runScenario()'><b>runScenario</b><br>Test class: com.Capium.TestRunFiles.Capium_BK_FixedAssests_runfile<br>Test method: Runs Cucumber Scenarios<br>Parameters: "Verify activate(disposed assest) functionality for tangble", "Bookkeeping Fixed Assets"</td>
<td></td>
<td>36</td>
<td>com.Capium.TestRunFiles.Capium_BK_FixedAssests_runfile@5c90e579</td></tr>
<tr>
<td title='com.Capium.TestRunFiles.Capium_BK_Tasks_runfile.runScenario()'><b>runScenario</b><br>Test class: com.Capium.TestRunFiles.Capium_BK_Tasks_runfile<br>Test method: Runs Cucumber Scenarios<br>Parameters: "Task Dividends filter", "BookkeepingModule-Task"</td>
<td></td>
<td>35</td>
<td>com.Capium.TestRunFiles.Capium_BK_Tasks_runfile@37883b97</td></tr>
<tr>
<td title='com.Capium.TestRunFiles.Capium_BK_Contacts_runfile.runScenario()'><b>runScenario</b><br>Test class: com.Capium.TestRunFiles.Capium_BK_Contacts_runfile<br>Test method: Runs Cucumber Scenarios<br>Parameters: "Add Supplier to Contacs", "Contacts"</td>
<td></td>
<td>66</td>
<td>com.Capium.TestRunFiles.Capium_BK_Contacts_runfile@37271612</td></tr>
<tr>
<td title='com.Capium.TestRunFiles.Capium_BK_Reports_runfile.runScenario()'><b>runScenario</b><br>Test class: com.Capium.TestRunFiles.Capium_BK_Reports_runfile<br>Test method: Runs Cucumber Scenarios<br>Parameters: "account details of additional", "Reports"</td>
<td></td>
<td>37</td>
<td>com.Capium.TestRunFiles.Capium_BK_Reports_runfile@4e3958e7</td></tr>
<tr>
<td title='com.Capium.TestRunFiles.Capium_BK_FixedAssests_runfile.runScenario()'><b>runScenario</b><br>Test class: com.Capium.TestRunFiles.Capium_BK_FixedAssests_runfile<br>Test method: Runs Cucumber Scenarios<br>Parameters: "Verify disposed functionality for tangible", "Bookkeeping Fixed Assets"</td>
<td></td>
<td>48</td>
<td>com.Capium.TestRunFiles.Capium_BK_FixedAssests_runfile@5c90e579</td></tr>
<tr>
<td title='com.Capium.TestRunFiles.Capium_BK_Contacts_runfile.runScenario()'><b>runScenario</b><br>Test class: com.Capium.TestRunFiles.Capium_BK_Contacts_runfile<br>Test method: Runs Cucumber Scenarios<br>Parameters: "Add Shareholder to Contacts", "Contacts"</td>
<td></td>
<td>48</td>
<td>com.Capium.TestRunFiles.Capium_BK_Contacts_runfile@37271612</td></tr>
<tr>
<td title='com.Capium.TestRunFiles.Capium_BK_Sales_runfile.runScenario()'><b>runScenario</b><br>Test class: com.Capium.TestRunFiles.Capium_BK_Sales_runfile<br>Test method: Runs Cucumber Scenarios<br>Parameters: "Recurring Select Actions", "BookkeepingModule-Sales"</td>
<td></td>
<td>46</td>
<td>com.Capium.TestRunFiles.Capium_BK_Sales_runfile@ed7f8b4</td></tr>
<tr>
<td title='com.Capium.TestRunFiles.Capium_BK_FixedAssests_runfile.runScenario()'><b>runScenario</b><br>Test class: com.Capium.TestRunFiles.Capium_BK_FixedAssests_runfile<br>Test method: Runs Cucumber Scenarios<br>Parameters: "Verify add leased fixed assest in purchase", "Bookkeeping Fixed Assets"</td>
<td></td>
<td>39</td>
<td>com.Capium.TestRunFiles.Capium_BK_FixedAssests_runfile@5c90e579</td></tr>
<tr>
<td title='com.Capium.TestRunFiles.Capium_BK_CIS_runfile.runScenario()'><b>runScenario</b><br>Test class: com.Capium.TestRunFiles.Capium_BK_CIS_runfile<br>Test method: Runs Cucumber Scenarios<br>Parameters: "Verify CIS Submission Report", "Bookkeeping CIS"</td>
<td></td>
<td>37</td>
<td>com.Capium.TestRunFiles.Capium_BK_CIS_runfile@6ab778a</td></tr>
<tr>
<td title='com.Capium.TestRunFiles.Capium_BK_purchase_runfile.runScenario()'><b>runScenario</b><br>Test class: com.Capium.TestRunFiles.Capium_BK_purchase_runfile<br>Test method: Runs Cucumber Scenarios<br>Parameters: "Purchase Edit Payments", "Bookkeeping Purchases"</td>
<td></td>
<td>38</td>
<td>com.Capium.TestRunFiles.Capium_BK_purchase_runfile@4c309d4d</td></tr>
<tr>
<td title='com.Capium.TestRunFiles.Capium_Login_runfile.runScenario()'><b>runScenario</b><br>Test class: com.Capium.TestRunFiles.Capium_Login_runfile<br>Test method: Runs Cucumber Scenarios<br>Parameters: "User login", "Login into Capium"</td>
<td></td>
<td>20</td>
<td>com.Capium.TestRunFiles.Capium_Login_runfile@5c671d7f</td></tr>
<tr>
<td title='com.Capium.TestRunFiles.Capium_BK_Sales_runfile.runScenario()'><b>runScenario</b><br>Test class: com.Capium.TestRunFiles.Capium_BK_Sales_runfile<br>Test method: Runs Cucumber Scenarios<br>Parameters: "Invoice Select Actions Dropdown", "BookkeepingModule-Sales"</td>
<td></td>
<td>78</td>
<td>com.Capium.TestRunFiles.Capium_BK_Sales_runfile@ed7f8b4</td></tr>
<tr>
<td title='com.Capium.TestRunFiles.Capium_BK_purchase_runfile.runScenario()'><b>runScenario</b><br>Test class: com.Capium.TestRunFiles.Capium_BK_purchase_runfile<br>Test method: Runs Cucumber Scenarios<br>Parameters: "Recuring purchase", "Bookkeeping Purchases"</td>
<td></td>
<td>44</td>
<td>com.Capium.TestRunFiles.Capium_BK_purchase_runfile@4c309d4d</td></tr>
<tr>
<td title='com.Capium.TestRunFiles.Capium_BK_CIS_runfile.runScenario()'><b>runScenario</b><br>Test class: com.Capium.TestRunFiles.Capium_BK_CIS_runfile<br>Test method: Runs Cucumber Scenarios<br>Parameters: "Verify Edit in Select Action drop down in Add CIS Monthly Return", "Bookkeeping CIS"</td>
<td></td>
<td>53</td>
<td>com.Capium.TestRunFiles.Capium_BK_CIS_runfile@6ab778a</td></tr>
</table><p>
</body>
</html>