<?xml version="1.0" encoding="UTF-8"?>
<!-- Generated by org.testng.reporters.JUnitReportReporter -->
<testsuite hostname="DESKTOP-3PKNHUN" failures="0" tests="19" name="com.Capium.TestRunFiles.Capium_BK_FixedAssests_runfile" time="740.056" errors="1" timestamp="2025-06-22T16:10:08 IST" skipped="0">
  <testcase classname="com.Capium.TestRunFiles.Capium_BK_FixedAssests_runfile" name="runScenario" time="27.783"/>
  <testcase classname="com.Capium.TestRunFiles.Capium_BK_FixedAssests_runfile" name="runScenario" time="42.365"/>
  <testcase classname="com.Capium.TestRunFiles.Capium_BK_FixedAssests_runfile" name="runScenario" time="34.406">
    <error message="You may not select a disabled option" type="java.lang.UnsupportedOperationException">
      <![CDATA[java.lang.UnsupportedOperationException: You may not select a disabled option
at org.openqa.selenium.support.ui.Select.assertOptionIsEnabled(Select.java:321)
at org.openqa.selenium.support.ui.Select.setSelected(Select.java:313)
at org.openqa.selenium.support.ui.Select.selectByValue(Select.java:195)
at com.Capium.Utilies.HelperClass.selectOptionByValue(HelperClass.java:224)
at com.Capium.Actions.Capium_Bookkeeping_FixedAssets_Actions.Clickondisposedinactiondropdownforleased(Capium_Bookkeeping_FixedAssets_Actions.java:395)
at com.Capium.stepDefinations.Capium_Bookkeeping_FixedAssests_Stepdef.click_on_disposed_in_action_dropdown_for_leased(Capium_Bookkeeping_FixedAssests_Stepdef.java:165)
at âœ½.Click on disposed in action dropdown for leased(file:///D:/Core%20Modules/Capium_BK_3.0/src/test/resources/Feature_CapiumPurchase/BK_FixedAssets.feature:94)
]]>
    </error>
  </testcase> <!-- runScenario -->
  <testcase classname="com.Capium.TestRunFiles.Capium_BK_FixedAssests_runfile" name="runScenario" time="32.074"/>
  <testcase classname="com.Capium.TestRunFiles.Capium_BK_FixedAssests_runfile" name="runScenario" time="42.973"/>
  <testcase classname="com.Capium.TestRunFiles.Capium_BK_FixedAssests_runfile" name="runScenario" time="43.656"/>
  <testcase classname="com.Capium.TestRunFiles.Capium_BK_FixedAssests_runfile" name="runScenario" time="33.646"/>
  <testcase classname="com.Capium.TestRunFiles.Capium_BK_FixedAssests_runfile" name="runScenario" time="49.342"/>
  <testcase classname="com.Capium.TestRunFiles.Capium_BK_FixedAssests_runfile" name="runScenario" time="47.403"/>
  <testcase classname="com.Capium.TestRunFiles.Capium_BK_FixedAssests_runfile" name="runScenario" time="40.405"/>
  <testcase classname="com.Capium.TestRunFiles.Capium_BK_FixedAssests_runfile" name="runScenario" time="33.885"/>
  <testcase classname="com.Capium.TestRunFiles.Capium_BK_FixedAssests_runfile" name="runScenario" time="34.290"/>
  <testcase classname="com.Capium.TestRunFiles.Capium_BK_FixedAssests_runfile" name="runScenario" time="39.354"/>
  <testcase classname="com.Capium.TestRunFiles.Capium_BK_FixedAssests_runfile" name="runScenario" time="38.552"/>
  <testcase classname="com.Capium.TestRunFiles.Capium_BK_FixedAssests_runfile" name="runScenario" time="36.205"/>
  <testcase classname="com.Capium.TestRunFiles.Capium_BK_FixedAssests_runfile" name="runScenario" time="36.514"/>
  <testcase classname="com.Capium.TestRunFiles.Capium_BK_FixedAssests_runfile" name="runScenario" time="45.369"/>
  <testcase classname="com.Capium.TestRunFiles.Capium_BK_FixedAssests_runfile" name="runScenario" time="45.020"/>
  <testcase classname="com.Capium.TestRunFiles.Capium_BK_FixedAssests_runfile" name="runScenario" time="36.814"/>
</testsuite> <!-- com.Capium.TestRunFiles.Capium_BK_FixedAssests_runfile -->
