<?xml version="1.0" encoding="UTF-8"?>
<!-- Generated by org.testng.reporters.JUnitReportReporter -->
<testsuite hostname="DESKTOP-3PKNHUN" failures="0" tests="10" name="com.Capium.TestRunFiles.Capium_BK_CIS_runfile" time="472.957" errors="1" timestamp="2025-06-22T16:10:08 IST" skipped="0">
  <testcase classname="com.Capium.TestRunFiles.Capium_BK_CIS_runfile" name="runScenario" time="50.497"/>
  <testcase classname="com.Capium.TestRunFiles.Capium_BK_CIS_runfile" name="runScenario" time="55.551"/>
  <testcase classname="com.Capium.TestRunFiles.Capium_BK_CIS_runfile" name="runScenario" time="36.205"/>
  <testcase classname="com.Capium.TestRunFiles.Capium_BK_CIS_runfile" name="runScenario" time="40.003">
    <error message="stale element reference: stale element not found in the current frame
  (Session info: chrome=137.0.7151.104)
For documentation on this error, please visit: https://www.selenium.dev/documentation/webdriver/troubleshooting/errors#stale-element-reference-exception
Build info: version: &#039;4.23.0&#039;, revision: &#039;4df0a231af&#039;
System info: os.name: &#039;Windows 10&#039;, os.arch: &#039;amd64&#039;, os.version: &#039;10.0&#039;, java.version: &#039;17.0.12&#039;
Driver info: org.openqa.selenium.chrome.ChromeDriver
Command: [ddd75876d950c029e34111d65d6a7406, executeScript {script=arguments[0].dispatchEvent(new Event(&#039;change&#039;, { bubbles: true })), args=[{element-6066-11e4-a52e-4f735466cecf=f.339BF4B4DE93CB82B66C899A4093AD5D.d.98BDB8FD2D00104A052A60EDB7C33F20.e.1727}]}]
Capabilities {acceptInsecureCerts: false, browserName: chrome, browserVersion: 137.0.7151.104, chrome: {chromedriverVersion: 137.0.7151.119 (e0ac9d12dff..., userDataDir: C:\Users\user\AppData\Local...}, fedcm:accounts: true, goog:chromeOptions: {debuggerAddress: localhost:51646}, networkConnectionEnabled: false, pageLoadStrategy: normal, platformName: windows, proxy: Proxy(), se:cdp: ws://localhost:51646/devtoo..., se:cdpVersion: 137.0.7151.104, setWindowRect: true, strictFileInteractability: false, timeouts: {implicit: 0, pageLoad: 300000, script: 30000}, unhandledPromptBehavior: dismiss and notify, webauthn:extension:credBlob: true, webauthn:extension:largeBlob: true, webauthn:extension:minPinLength: true, webauthn:extension:prf: true, webauthn:virtualAuthenticators: true}
Session ID: ddd75876d950c029e34111d65d6a7406" type="org.openqa.selenium.StaleElementReferenceException">
      <![CDATA[org.openqa.selenium.StaleElementReferenceException: stale element reference: stale element not found in the current frame
  (Session info: chrome=137.0.7151.104)
For documentation on this error, please visit: https://www.selenium.dev/documentation/webdriver/troubleshooting/errors#stale-element-reference-exception
Build info: version: '4.23.0', revision: '4df0a231af'
System info: os.name: 'Windows 10', os.arch: 'amd64', os.version: '10.0', java.version: '17.0.12'
Driver info: org.openqa.selenium.chrome.ChromeDriver
Command: [ddd75876d950c029e34111d65d6a7406, executeScript {script=arguments[0].dispatchEvent(new Event('change', { bubbles: true })), args=[{element-6066-11e4-a52e-4f735466cecf=f.339BF4B4DE93CB82B66C899A4093AD5D.d.98BDB8FD2D00104A052A60EDB7C33F20.e.1727}]}]
Capabilities {acceptInsecureCerts: false, browserName: chrome, browserVersion: 137.0.7151.104, chrome: {chromedriverVersion: 137.0.7151.119 (e0ac9d12dff..., userDataDir: C:\Users\user\AppData\Local...}, fedcm:accounts: true, goog:chromeOptions: {debuggerAddress: localhost:51646}, networkConnectionEnabled: false, pageLoadStrategy: normal, platformName: windows, proxy: Proxy(), se:cdp: ws://localhost:51646/devtoo..., se:cdpVersion: 137.0.7151.104, setWindowRect: true, strictFileInteractability: false, timeouts: {implicit: 0, pageLoad: 300000, script: 30000}, unhandledPromptBehavior: dismiss and notify, webauthn:extension:credBlob: true, webauthn:extension:largeBlob: true, webauthn:extension:minPinLength: true, webauthn:extension:prf: true, webauthn:virtualAuthenticators: true}
Session ID: ddd75876d950c029e34111d65d6a7406
at java.base/jdk.internal.reflect.NativeConstructorAccessorImpl.newInstance0(Native Method)
at java.base/jdk.internal.reflect.NativeConstructorAccessorImpl.newInstance(NativeConstructorAccessorImpl.java:77)
at java.base/jdk.internal.reflect.DelegatingConstructorAccessorImpl.newInstance(DelegatingConstructorAccessorImpl.java:45)
at java.base/java.lang.reflect.Constructor.newInstanceWithCaller(Constructor.java:499)
at java.base/java.lang.reflect.Constructor.newInstance(Constructor.java:480)
at org.openqa.selenium.remote.ErrorCodec.decode(ErrorCodec.java:167)
at org.openqa.selenium.remote.codec.w3c.W3CHttpResponseCodec.decode(W3CHttpResponseCodec.java:138)
at org.openqa.selenium.remote.codec.w3c.W3CHttpResponseCodec.decode(W3CHttpResponseCodec.java:50)
at org.openqa.selenium.remote.HttpCommandExecutor.execute(HttpCommandExecutor.java:190)
at org.openqa.selenium.remote.service.DriverCommandExecutor.invokeExecute(DriverCommandExecutor.java:216)
at org.openqa.selenium.remote.service.DriverCommandExecutor.execute(DriverCommandExecutor.java:174)
at org.openqa.selenium.remote.RemoteWebDriver.execute(RemoteWebDriver.java:527)
at org.openqa.selenium.remote.RemoteWebDriver.executeScript(RemoteWebDriver.java:465)
at com.Capium.Utilies.HelperClass.setValueUsingJS(HelperClass.java:156)
at com.Capium.Actions.Capium_Bookkeeping_CIS_Actions.EditPaymentCISAndSave(Capium_Bookkeeping_CIS_Actions.java:297)
at com.Capium.stepDefinations.Capium_Bookkeeping_CIS_stepdef.select_account_type_as_cis_control_account_and_enter_total_balance_amount_and_all_manditory_fields_and_click_on_save(Capium_Bookkeeping_CIS_stepdef.java:110)
at âœ½.Select Account type as CIS Control account and Enter total balance amount and all manditory fields and click on Save(file:///D:/Core%20Modules/Capium_BK_3.0/src/test/resources/Feature_CapiumPurchase/BK_CIS.feature:46)
]]>
    </error>
  </testcase> <!-- runScenario -->
  <testcase classname="com.Capium.TestRunFiles.Capium_BK_CIS_runfile" name="runScenario" time="48.919"/>
  <testcase classname="com.Capium.TestRunFiles.Capium_BK_CIS_runfile" name="runScenario" time="51.932"/>
  <testcase classname="com.Capium.TestRunFiles.Capium_BK_CIS_runfile" name="runScenario" time="43.935"/>
  <testcase classname="com.Capium.TestRunFiles.Capium_BK_CIS_runfile" name="runScenario" time="42.977"/>
  <testcase classname="com.Capium.TestRunFiles.Capium_BK_CIS_runfile" name="runScenario" time="48.450"/>
  <testcase classname="com.Capium.TestRunFiles.Capium_BK_CIS_runfile" name="runScenario" time="54.488"/>
</testsuite> <!-- com.Capium.TestRunFiles.Capium_BK_CIS_runfile -->
