<?xml version="1.0" encoding="UTF-8"?>
<!-- Generated by org.testng.reporters.JUnitReportReporter -->
<testsuite hostname="DESKTOP-3PKNHUN" failures="0" tests="14" name="com.Capium.TestRunFiles.Capium_BK_Tasks_runfile" time="763.547" errors="1" timestamp="2025-06-22T16:10:08 IST" skipped="0">
  <testcase classname="com.Capium.TestRunFiles.Capium_BK_Tasks_runfile" name="runScenario" time="40.584"/>
  <testcase classname="com.Capium.TestRunFiles.Capium_BK_Tasks_runfile" name="runScenario" time="138.269"/>
  <testcase classname="com.Capium.TestRunFiles.Capium_BK_Tasks_runfile" name="runScenario" time="57.858"/>
  <testcase classname="com.Capium.TestRunFiles.Capium_BK_Tasks_runfile" name="runScenario" time="38.687"/>
  <testcase classname="com.Capium.TestRunFiles.Capium_BK_Tasks_runfile" name="runScenario" time="98.741"/>
  <testcase classname="com.Capium.TestRunFiles.Capium_BK_Tasks_runfile" name="runScenario" time="46.540"/>
  <testcase classname="com.Capium.TestRunFiles.Capium_BK_Tasks_runfile" name="runScenario" time="39.336"/>
  <testcase classname="com.Capium.TestRunFiles.Capium_BK_Tasks_runfile" name="runScenario" time="36.318"/>
  <testcase classname="com.Capium.TestRunFiles.Capium_BK_Tasks_runfile" name="runScenario" time="35.635"/>
  <testcase classname="com.Capium.TestRunFiles.Capium_BK_Tasks_runfile" name="runScenario" time="44.159"/>
  <testcase classname="com.Capium.TestRunFiles.Capium_BK_Tasks_runfile" name="runScenario" time="47.331"/>
  <testcase classname="com.Capium.TestRunFiles.Capium_BK_Tasks_runfile" name="runScenario" time="54.650">
    <error message="no such element: Unable to locate element: {&quot;method&quot;:&quot;xpath&quot;,&quot;selector&quot;:&quot;//input[@name=&#039;IsIncluded&#039;]//parent::label&quot;}
  (Session info: chrome=137.0.7151.104)
For documentation on this error, please visit: https://www.selenium.dev/documentation/webdriver/troubleshooting/errors#no-such-element-exception
Build info: version: &#039;4.23.0&#039;, revision: &#039;4df0a231af&#039;
System info: os.name: &#039;Windows 10&#039;, os.arch: &#039;amd64&#039;, os.version: &#039;10.0&#039;, java.version: &#039;17.0.12&#039;
Driver info: org.openqa.selenium.chrome.ChromeDriver
Command: [468607b250d353cd51122c232f39a5f0, findElement {using=xpath, value=//input[@name=&#039;IsIncluded&#039;]//parent::label}]
Capabilities {acceptInsecureCerts: false, browserName: chrome, browserVersion: 137.0.7151.104, chrome: {chromedriverVersion: 137.0.7151.119 (e0ac9d12dff..., userDataDir: C:\Users\user\AppData\Local...}, fedcm:accounts: true, goog:chromeOptions: {debuggerAddress: localhost:51519}, networkConnectionEnabled: false, pageLoadStrategy: normal, platformName: windows, proxy: Proxy(), se:cdp: ws://localhost:51519/devtoo..., se:cdpVersion: 137.0.7151.104, setWindowRect: true, strictFileInteractability: false, timeouts: {implicit: 0, pageLoad: 300000, script: 30000}, unhandledPromptBehavior: dismiss and notify, webauthn:extension:credBlob: true, webauthn:extension:largeBlob: true, webauthn:extension:minPinLength: true, webauthn:extension:prf: true, webauthn:virtualAuthenticators: true}
Session ID: 468607b250d353cd51122c232f39a5f0" type="org.openqa.selenium.NoSuchElementException">
      <![CDATA[org.openqa.selenium.NoSuchElementException: no such element: Unable to locate element: {"method":"xpath","selector":"//input[@name='IsIncluded']//parent::label"}
  (Session info: chrome=137.0.7151.104)
For documentation on this error, please visit: https://www.selenium.dev/documentation/webdriver/troubleshooting/errors#no-such-element-exception
Build info: version: '4.23.0', revision: '4df0a231af'
System info: os.name: 'Windows 10', os.arch: 'amd64', os.version: '10.0', java.version: '17.0.12'
Driver info: org.openqa.selenium.chrome.ChromeDriver
Command: [468607b250d353cd51122c232f39a5f0, findElement {using=xpath, value=//input[@name='IsIncluded']//parent::label}]
Capabilities {acceptInsecureCerts: false, browserName: chrome, browserVersion: 137.0.7151.104, chrome: {chromedriverVersion: 137.0.7151.119 (e0ac9d12dff..., userDataDir: C:\Users\user\AppData\Local...}, fedcm:accounts: true, goog:chromeOptions: {debuggerAddress: localhost:51519}, networkConnectionEnabled: false, pageLoadStrategy: normal, platformName: windows, proxy: Proxy(), se:cdp: ws://localhost:51519/devtoo..., se:cdpVersion: 137.0.7151.104, setWindowRect: true, strictFileInteractability: false, timeouts: {implicit: 0, pageLoad: 300000, script: 30000}, unhandledPromptBehavior: dismiss and notify, webauthn:extension:credBlob: true, webauthn:extension:largeBlob: true, webauthn:extension:minPinLength: true, webauthn:extension:prf: true, webauthn:virtualAuthenticators: true}
Session ID: 468607b250d353cd51122c232f39a5f0
at jdk.internal.reflect.GeneratedConstructorAccessor51.newInstance(Unknown Source)
at java.base/jdk.internal.reflect.DelegatingConstructorAccessorImpl.newInstance(DelegatingConstructorAccessorImpl.java:45)
at java.base/java.lang.reflect.Constructor.newInstanceWithCaller(Constructor.java:499)
at java.base/java.lang.reflect.Constructor.newInstance(Constructor.java:480)
at org.openqa.selenium.remote.ErrorCodec.decode(ErrorCodec.java:167)
at org.openqa.selenium.remote.codec.w3c.W3CHttpResponseCodec.decode(W3CHttpResponseCodec.java:138)
at org.openqa.selenium.remote.codec.w3c.W3CHttpResponseCodec.decode(W3CHttpResponseCodec.java:50)
at org.openqa.selenium.remote.HttpCommandExecutor.execute(HttpCommandExecutor.java:190)
at org.openqa.selenium.remote.service.DriverCommandExecutor.invokeExecute(DriverCommandExecutor.java:216)
at org.openqa.selenium.remote.service.DriverCommandExecutor.execute(DriverCommandExecutor.java:174)
at org.openqa.selenium.remote.RemoteWebDriver.execute(RemoteWebDriver.java:527)
at org.openqa.selenium.remote.ElementLocation$ElementFinder$2.findElement(ElementLocation.java:165)
at org.openqa.selenium.remote.ElementLocation.findElement(ElementLocation.java:59)
at org.openqa.selenium.remote.RemoteWebDriver.findElement(RemoteWebDriver.java:357)
at org.openqa.selenium.remote.RemoteWebDriver.findElement(RemoteWebDriver.java:351)
at org.openqa.selenium.support.pagefactory.DefaultElementLocator.findElement(DefaultElementLocator.java:68)
at org.openqa.selenium.support.pagefactory.internal.LocatingElementHandler.invoke(LocatingElementHandler.java:38)
at jdk.proxy2/jdk.proxy2.$Proxy44.click(Unknown Source)
at com.Capium.Actions.Capium_Bookkeeping_Task_Actions.TickIncludingVATCheckbox(Capium_Bookkeeping_Task_Actions.java:165)
at com.Capium.stepDefinations.Capium_Bookkeeping_Task_Stepdef.un_tick_the_checkbox_including_vat(Capium_Bookkeeping_Task_Stepdef.java:75)
at âœ½.UnTick the checkbox Including VAT(file:///D:/Core%20Modules/Capium_BK_3.0/src/test/resources/Feature_CapiumPurchase/BK_Tasks.feature:23)
]]>
    </error>
  </testcase> <!-- runScenario -->
  <testcase classname="com.Capium.TestRunFiles.Capium_BK_Tasks_runfile" name="runScenario" time="44.212"/>
  <testcase classname="com.Capium.TestRunFiles.Capium_BK_Tasks_runfile" name="runScenario" time="41.227"/>
</testsuite> <!-- com.Capium.TestRunFiles.Capium_BK_Tasks_runfile -->
